{"/home/user/OmniAudit/packages/core/src/orchestrator.ts": {"path":"/home/user/OmniAudit/packages/core/src/orchestrator.ts","all":false,"statementMap":{"0":{"start":{"line":1,"column":0},"end":{"line":1,"column":3}},"1":{"start":{"line":2,"column":0},"end":{"line":2,"column":28}},"2":{"start":{"line":3,"column":0},"end":{"line":3,"column":39}},"3":{"start":{"line":4,"column":0},"end":{"line":4,"column":3}},"4":{"start":{"line":5,"column":0},"end":{"line":5,"column":0}},"5":{"start":{"line":6,"column":0},"end":{"line":6,"column":41}},"6":{"start":{"line":7,"column":0},"end":{"line":7,"column":43}},"7":{"start":{"line":8,"column":0},"end":{"line":8,"column":13}},"8":{"start":{"line":9,"column":0},"end":{"line":9,"column":21}},"9":{"start":{"line":10,"column":0},"end":{"line":10,"column":11}},"10":{"start":{"line":11,"column":0},"end":{"line":11,"column":17}},"11":{"start":{"line":12,"column":0},"end":{"line":12,"column":13}},"12":{"start":{"line":13,"column":0},"end":{"line":13,"column":16}},"13":{"start":{"line":14,"column":0},"end":{"line":14,"column":20}},"14":{"start":{"line":15,"column":0},"end":{"line":15,"column":26}},"15":{"start":{"line":16,"column":0},"end":{"line":16,"column":46}},"16":{"start":{"line":17,"column":0},"end":{"line":17,"column":63}},"17":{"start":{"line":18,"column":0},"end":{"line":18,"column":84}},"18":{"start":{"line":19,"column":0},"end":{"line":19,"column":79}},"19":{"start":{"line":20,"column":0},"end":{"line":20,"column":0}},"20":{"start":{"line":21,"column":0},"end":{"line":21,"column":3}},"21":{"start":{"line":22,"column":0},"end":{"line":22,"column":22}},"22":{"start":{"line":23,"column":0},"end":{"line":23,"column":3}},"23":{"start":{"line":24,"column":0},"end":{"line":24,"column":37}},"24":{"start":{"line":25,"column":0},"end":{"line":25,"column":22}},"25":{"start":{"line":26,"column":0},"end":{"line":26,"column":55}},"26":{"start":{"line":27,"column":0},"end":{"line":27,"column":47}},"27":{"start":{"line":28,"column":0},"end":{"line":28,"column":50}},"28":{"start":{"line":29,"column":0},"end":{"line":29,"column":49}},"29":{"start":{"line":30,"column":0},"end":{"line":30,"column":32}},"30":{"start":{"line":31,"column":0},"end":{"line":31,"column":1}},"31":{"start":{"line":32,"column":0},"end":{"line":32,"column":0}},"32":{"start":{"line":33,"column":0},"end":{"line":33,"column":3}},"33":{"start":{"line":34,"column":0},"end":{"line":34,"column":21}},"34":{"start":{"line":35,"column":0},"end":{"line":35,"column":3}},"35":{"start":{"line":36,"column":0},"end":{"line":36,"column":29}},"36":{"start":{"line":37,"column":0},"end":{"line":37,"column":35}},"37":{"start":{"line":38,"column":0},"end":{"line":38,"column":30}},"38":{"start":{"line":39,"column":0},"end":{"line":39,"column":27}},"39":{"start":{"line":40,"column":0},"end":{"line":40,"column":39}},"40":{"start":{"line":41,"column":0},"end":{"line":41,"column":19}},"41":{"start":{"line":42,"column":0},"end":{"line":42,"column":24}},"42":{"start":{"line":43,"column":0},"end":{"line":43,"column":1}},"43":{"start":{"line":44,"column":0},"end":{"line":44,"column":0}},"44":{"start":{"line":45,"column":0},"end":{"line":45,"column":3}},"45":{"start":{"line":46,"column":0},"end":{"line":46,"column":21}},"46":{"start":{"line":47,"column":0},"end":{"line":47,"column":2}},"47":{"start":{"line":48,"column":0},"end":{"line":48,"column":42}},"48":{"start":{"line":49,"column":0},"end":{"line":49,"column":48}},"49":{"start":{"line":50,"column":0},"end":{"line":50,"column":59}},"50":{"start":{"line":51,"column":0},"end":{"line":51,"column":47}},"51":{"start":{"line":52,"column":0},"end":{"line":52,"column":43}},"52":{"start":{"line":53,"column":0},"end":{"line":53,"column":31}},"53":{"start":{"line":54,"column":0},"end":{"line":54,"column":34}},"54":{"start":{"line":55,"column":0},"end":{"line":55,"column":33}},"55":{"start":{"line":56,"column":0},"end":{"line":56,"column":2}},"56":{"start":{"line":57,"column":0},"end":{"line":57,"column":11}},"57":{"start":{"line":58,"column":0},"end":{"line":58,"column":16}},"58":{"start":{"line":59,"column":0},"end":{"line":59,"column":68}},"59":{"start":{"line":60,"column":0},"end":{"line":60,"column":2}},"60":{"start":{"line":61,"column":0},"end":{"line":61,"column":25}},"61":{"start":{"line":62,"column":0},"end":{"line":62,"column":54}},"62":{"start":{"line":63,"column":0},"end":{"line":63,"column":52}},"63":{"start":{"line":64,"column":0},"end":{"line":64,"column":6}},"64":{"start":{"line":65,"column":0},"end":{"line":65,"column":2}},"65":{"start":{"line":66,"column":0},"end":{"line":66,"column":20}},"66":{"start":{"line":67,"column":0},"end":{"line":67,"column":61}},"67":{"start":{"line":68,"column":0},"end":{"line":68,"column":6}},"68":{"start":{"line":69,"column":0},"end":{"line":69,"column":3}},"69":{"start":{"line":70,"column":0},"end":{"line":70,"column":53}},"70":{"start":{"line":71,"column":0},"end":{"line":71,"column":38}},"71":{"start":{"line":72,"column":0},"end":{"line":72,"column":40}},"72":{"start":{"line":73,"column":0},"end":{"line":73,"column":46}},"73":{"start":{"line":74,"column":0},"end":{"line":74,"column":35}},"74":{"start":{"line":75,"column":0},"end":{"line":75,"column":49}},"75":{"start":{"line":76,"column":0},"end":{"line":76,"column":46}},"76":{"start":{"line":77,"column":0},"end":{"line":77,"column":28}},"77":{"start":{"line":78,"column":0},"end":{"line":78,"column":0}},"78":{"start":{"line":79,"column":0},"end":{"line":79,"column":85}},"79":{"start":{"line":80,"column":0},"end":{"line":80,"column":12}},"80":{"start":{"line":81,"column":0},"end":{"line":81,"column":0}},"81":{"start":{"line":82,"column":0},"end":{"line":82,"column":19}},"82":{"start":{"line":83,"column":0},"end":{"line":83,"column":40}},"83":{"start":{"line":84,"column":0},"end":{"line":84,"column":58}},"84":{"start":{"line":85,"column":0},"end":{"line":85,"column":65}},"85":{"start":{"line":86,"column":0},"end":{"line":86,"column":62}},"86":{"start":{"line":87,"column":0},"end":{"line":87,"column":20}},"87":{"start":{"line":88,"column":0},"end":{"line":88,"column":56}},"88":{"start":{"line":89,"column":0},"end":{"line":89,"column":67}},"89":{"start":{"line":90,"column":0},"end":{"line":90,"column":74}},"90":{"start":{"line":91,"column":0},"end":{"line":91,"column":59}},"91":{"start":{"line":92,"column":0},"end":{"line":92,"column":82}},"92":{"start":{"line":93,"column":0},"end":{"line":93,"column":82}},"93":{"start":{"line":94,"column":0},"end":{"line":94,"column":8}},"94":{"start":{"line":95,"column":0},"end":{"line":95,"column":6}},"95":{"start":{"line":96,"column":0},"end":{"line":96,"column":0}},"96":{"start":{"line":97,"column":0},"end":{"line":97,"column":35}},"97":{"start":{"line":98,"column":0},"end":{"line":98,"column":50}},"98":{"start":{"line":99,"column":0},"end":{"line":99,"column":39}},"99":{"start":{"line":100,"column":0},"end":{"line":100,"column":79}},"100":{"start":{"line":101,"column":0},"end":{"line":101,"column":75}},"101":{"start":{"line":102,"column":0},"end":{"line":102,"column":30}},"102":{"start":{"line":103,"column":0},"end":{"line":103,"column":7}},"103":{"start":{"line":104,"column":0},"end":{"line":104,"column":0}},"104":{"start":{"line":105,"column":0},"end":{"line":105,"column":18}},"105":{"start":{"line":106,"column":0},"end":{"line":106,"column":27}},"106":{"start":{"line":107,"column":0},"end":{"line":107,"column":32}},"107":{"start":{"line":108,"column":0},"end":{"line":108,"column":29}},"108":{"start":{"line":109,"column":0},"end":{"line":109,"column":25}},"109":{"start":{"line":110,"column":0},"end":{"line":110,"column":6}},"110":{"start":{"line":111,"column":0},"end":{"line":111,"column":3}},"111":{"start":{"line":112,"column":0},"end":{"line":112,"column":0}},"112":{"start":{"line":113,"column":0},"end":{"line":113,"column":5}},"113":{"start":{"line":114,"column":0},"end":{"line":114,"column":45}},"114":{"start":{"line":115,"column":0},"end":{"line":115,"column":5}},"115":{"start":{"line":116,"column":0},"end":{"line":116,"column":27}},"116":{"start":{"line":117,"column":0},"end":{"line":117,"column":25}},"117":{"start":{"line":118,"column":0},"end":{"line":118,"column":3}},"118":{"start":{"line":119,"column":0},"end":{"line":119,"column":0}},"119":{"start":{"line":120,"column":0},"end":{"line":120,"column":5}},"120":{"start":{"line":121,"column":0},"end":{"line":121,"column":34}},"121":{"start":{"line":122,"column":0},"end":{"line":122,"column":5}},"122":{"start":{"line":123,"column":0},"end":{"line":123,"column":69}},"123":{"start":{"line":124,"column":0},"end":{"line":124,"column":25}},"124":{"start":{"line":125,"column":0},"end":{"line":125,"column":57}},"125":{"start":{"line":126,"column":0},"end":{"line":126,"column":5}},"126":{"start":{"line":127,"column":0},"end":{"line":127,"column":0}},"127":{"start":{"line":128,"column":0},"end":{"line":128,"column":26}},"128":{"start":{"line":129,"column":0},"end":{"line":129,"column":38}},"129":{"start":{"line":130,"column":0},"end":{"line":130,"column":25}},"130":{"start":{"line":131,"column":0},"end":{"line":131,"column":0}},"131":{"start":{"line":132,"column":0},"end":{"line":132,"column":9}},"132":{"start":{"line":133,"column":0},"end":{"line":133,"column":30}},"133":{"start":{"line":134,"column":0},"end":{"line":134,"column":34}},"134":{"start":{"line":135,"column":0},"end":{"line":135,"column":0}},"135":{"start":{"line":136,"column":0},"end":{"line":136,"column":54}},"136":{"start":{"line":137,"column":0},"end":{"line":137,"column":63}},"137":{"start":{"line":138,"column":0},"end":{"line":138,"column":0}},"138":{"start":{"line":139,"column":0},"end":{"line":139,"column":25}},"139":{"start":{"line":140,"column":0},"end":{"line":140,"column":35}},"140":{"start":{"line":141,"column":0},"end":{"line":141,"column":44}},"141":{"start":{"line":142,"column":0},"end":{"line":142,"column":34}},"142":{"start":{"line":143,"column":0},"end":{"line":143,"column":7}},"143":{"start":{"line":144,"column":0},"end":{"line":144,"column":0}},"144":{"start":{"line":145,"column":0},"end":{"line":145,"column":36}},"145":{"start":{"line":146,"column":0},"end":{"line":146,"column":56}},"146":{"start":{"line":147,"column":0},"end":{"line":147,"column":0}},"147":{"start":{"line":148,"column":0},"end":{"line":148,"column":24}},"148":{"start":{"line":149,"column":0},"end":{"line":149,"column":28}},"149":{"start":{"line":150,"column":0},"end":{"line":150,"column":0}},"150":{"start":{"line":151,"column":0},"end":{"line":151,"column":38}},"151":{"start":{"line":152,"column":0},"end":{"line":152,"column":21}},"152":{"start":{"line":153,"column":0},"end":{"line":153,"column":21}},"153":{"start":{"line":154,"column":0},"end":{"line":154,"column":41}},"154":{"start":{"line":155,"column":0},"end":{"line":155,"column":18}},"155":{"start":{"line":156,"column":0},"end":{"line":156,"column":15}},"156":{"start":{"line":157,"column":0},"end":{"line":157,"column":38}},"157":{"start":{"line":158,"column":0},"end":{"line":158,"column":29}},"158":{"start":{"line":159,"column":0},"end":{"line":159,"column":5}},"159":{"start":{"line":160,"column":0},"end":{"line":160,"column":3}},"160":{"start":{"line":161,"column":0},"end":{"line":161,"column":0}},"161":{"start":{"line":162,"column":0},"end":{"line":162,"column":5}},"162":{"start":{"line":163,"column":0},"end":{"line":163,"column":27}},"163":{"start":{"line":164,"column":0},"end":{"line":164,"column":5}},"164":{"start":{"line":165,"column":0},"end":{"line":165,"column":81}},"165":{"start":{"line":166,"column":0},"end":{"line":166,"column":36}},"166":{"start":{"line":167,"column":0},"end":{"line":167,"column":35}},"167":{"start":{"line":168,"column":0},"end":{"line":168,"column":58}},"168":{"start":{"line":169,"column":0},"end":{"line":169,"column":6}},"169":{"start":{"line":170,"column":0},"end":{"line":170,"column":67}},"170":{"start":{"line":171,"column":0},"end":{"line":171,"column":0}},"171":{"start":{"line":172,"column":0},"end":{"line":172,"column":43}},"172":{"start":{"line":173,"column":0},"end":{"line":173,"column":60}},"173":{"start":{"line":174,"column":0},"end":{"line":174,"column":61}},"174":{"start":{"line":175,"column":0},"end":{"line":175,"column":6}},"175":{"start":{"line":176,"column":0},"end":{"line":176,"column":0}},"176":{"start":{"line":177,"column":0},"end":{"line":177,"column":29}},"177":{"start":{"line":178,"column":0},"end":{"line":178,"column":78}},"178":{"start":{"line":179,"column":0},"end":{"line":179,"column":3}},"179":{"start":{"line":180,"column":0},"end":{"line":180,"column":0}},"180":{"start":{"line":181,"column":0},"end":{"line":181,"column":5}},"181":{"start":{"line":182,"column":0},"end":{"line":182,"column":27}},"182":{"start":{"line":183,"column":0},"end":{"line":183,"column":5}},"183":{"start":{"line":184,"column":0},"end":{"line":184,"column":34}},"184":{"start":{"line":185,"column":0},"end":{"line":185,"column":12}},"185":{"start":{"line":186,"column":0},"end":{"line":186,"column":28}},"186":{"start":{"line":187,"column":0},"end":{"line":187,"column":59}},"187":{"start":{"line":188,"column":0},"end":{"line":188,"column":60}},"188":{"start":{"line":189,"column":0},"end":{"line":189,"column":60}},"189":{"start":{"line":190,"column":0},"end":{"line":190,"column":44}},"190":{"start":{"line":191,"column":0},"end":{"line":191,"column":83}},"191":{"start":{"line":192,"column":0},"end":{"line":192,"column":6}},"192":{"start":{"line":193,"column":0},"end":{"line":193,"column":3}},"193":{"start":{"line":194,"column":0},"end":{"line":194,"column":0}},"194":{"start":{"line":195,"column":0},"end":{"line":195,"column":5}},"195":{"start":{"line":196,"column":0},"end":{"line":196,"column":24}},"196":{"start":{"line":197,"column":0},"end":{"line":197,"column":5}},"197":{"start":{"line":198,"column":0},"end":{"line":198,"column":18}},"198":{"start":{"line":199,"column":0},"end":{"line":199,"column":37}},"199":{"start":{"line":200,"column":0},"end":{"line":200,"column":3}},"200":{"start":{"line":201,"column":0},"end":{"line":201,"column":0}},"201":{"start":{"line":202,"column":0},"end":{"line":202,"column":5}},"202":{"start":{"line":203,"column":0},"end":{"line":203,"column":30}},"203":{"start":{"line":204,"column":0},"end":{"line":204,"column":5}},"204":{"start":{"line":205,"column":0},"end":{"line":205,"column":75}},"205":{"start":{"line":206,"column":0},"end":{"line":206,"column":44}},"206":{"start":{"line":207,"column":0},"end":{"line":207,"column":83}},"207":{"start":{"line":208,"column":0},"end":{"line":208,"column":12}},"208":{"start":{"line":209,"column":0},"end":{"line":209,"column":16}},"209":{"start":{"line":210,"column":0},"end":{"line":210,"column":12}},"210":{"start":{"line":211,"column":0},"end":{"line":211,"column":72}},"211":{"start":{"line":212,"column":0},"end":{"line":212,"column":6}},"212":{"start":{"line":213,"column":0},"end":{"line":213,"column":3}},"213":{"start":{"line":214,"column":0},"end":{"line":214,"column":0}},"214":{"start":{"line":215,"column":0},"end":{"line":215,"column":5}},"215":{"start":{"line":216,"column":0},"end":{"line":216,"column":39}},"216":{"start":{"line":217,"column":0},"end":{"line":217,"column":5}},"217":{"start":{"line":218,"column":0},"end":{"line":218,"column":76}},"218":{"start":{"line":219,"column":0},"end":{"line":219,"column":38}},"219":{"start":{"line":220,"column":0},"end":{"line":220,"column":75}},"220":{"start":{"line":221,"column":0},"end":{"line":221,"column":0}},"221":{"start":{"line":222,"column":0},"end":{"line":222,"column":75}},"222":{"start":{"line":223,"column":0},"end":{"line":223,"column":62}},"223":{"start":{"line":224,"column":0},"end":{"line":224,"column":0}},"224":{"start":{"line":225,"column":0},"end":{"line":225,"column":24}},"225":{"start":{"line":226,"column":0},"end":{"line":226,"column":70}},"226":{"start":{"line":227,"column":0},"end":{"line":227,"column":23}},"227":{"start":{"line":228,"column":0},"end":{"line":228,"column":36}},"228":{"start":{"line":229,"column":0},"end":{"line":229,"column":17}},"229":{"start":{"line":230,"column":0},"end":{"line":230,"column":24}},"230":{"start":{"line":231,"column":0},"end":{"line":231,"column":20}},"231":{"start":{"line":232,"column":0},"end":{"line":232,"column":8}},"232":{"start":{"line":233,"column":0},"end":{"line":233,"column":0}},"233":{"start":{"line":234,"column":0},"end":{"line":234,"column":21}},"234":{"start":{"line":235,"column":0},"end":{"line":235,"column":35}},"235":{"start":{"line":236,"column":0},"end":{"line":236,"column":46}},"236":{"start":{"line":237,"column":0},"end":{"line":237,"column":5}},"237":{"start":{"line":238,"column":0},"end":{"line":238,"column":0}},"238":{"start":{"line":239,"column":0},"end":{"line":239,"column":21}},"239":{"start":{"line":240,"column":0},"end":{"line":240,"column":3}},"240":{"start":{"line":241,"column":0},"end":{"line":241,"column":0}},"241":{"start":{"line":242,"column":0},"end":{"line":242,"column":5}},"242":{"start":{"line":243,"column":0},"end":{"line":243,"column":43}},"243":{"start":{"line":244,"column":0},"end":{"line":244,"column":5}},"244":{"start":{"line":245,"column":0},"end":{"line":245,"column":39}},"245":{"start":{"line":246,"column":0},"end":{"line":246,"column":24}},"246":{"start":{"line":247,"column":0},"end":{"line":247,"column":35}},"247":{"start":{"line":248,"column":0},"end":{"line":248,"column":25}},"248":{"start":{"line":249,"column":0},"end":{"line":249,"column":44}},"249":{"start":{"line":250,"column":0},"end":{"line":250,"column":0}},"250":{"start":{"line":251,"column":0},"end":{"line":251,"column":59}},"251":{"start":{"line":252,"column":0},"end":{"line":252,"column":54}},"252":{"start":{"line":253,"column":0},"end":{"line":253,"column":52}},"253":{"start":{"line":254,"column":0},"end":{"line":254,"column":61}},"254":{"start":{"line":255,"column":0},"end":{"line":255,"column":8}},"255":{"start":{"line":256,"column":0},"end":{"line":256,"column":0}},"256":{"start":{"line":257,"column":0},"end":{"line":257,"column":42}},"257":{"start":{"line":258,"column":0},"end":{"line":258,"column":44}},"258":{"start":{"line":259,"column":0},"end":{"line":259,"column":37}},"259":{"start":{"line":260,"column":0},"end":{"line":260,"column":16}},"260":{"start":{"line":261,"column":0},"end":{"line":261,"column":71}},"261":{"start":{"line":262,"column":0},"end":{"line":262,"column":9}},"262":{"start":{"line":263,"column":0},"end":{"line":263,"column":7}},"263":{"start":{"line":264,"column":0},"end":{"line":264,"column":5}},"264":{"start":{"line":265,"column":0},"end":{"line":265,"column":0}},"265":{"start":{"line":266,"column":0},"end":{"line":266,"column":19}},"266":{"start":{"line":267,"column":0},"end":{"line":267,"column":3}},"267":{"start":{"line":268,"column":0},"end":{"line":268,"column":0}},"268":{"start":{"line":269,"column":0},"end":{"line":269,"column":5}},"269":{"start":{"line":270,"column":0},"end":{"line":270,"column":40}},"270":{"start":{"line":271,"column":0},"end":{"line":271,"column":5}},"271":{"start":{"line":272,"column":0},"end":{"line":272,"column":79}},"272":{"start":{"line":273,"column":0},"end":{"line":273,"column":41}},"273":{"start":{"line":274,"column":0},"end":{"line":274,"column":0}},"274":{"start":{"line":275,"column":0},"end":{"line":275,"column":25}},"275":{"start":{"line":276,"column":0},"end":{"line":276,"column":39}},"276":{"start":{"line":277,"column":0},"end":{"line":277,"column":37}},"277":{"start":{"line":278,"column":0},"end":{"line":278,"column":38}},"278":{"start":{"line":279,"column":0},"end":{"line":279,"column":0}},"279":{"start":{"line":280,"column":0},"end":{"line":280,"column":64}},"280":{"start":{"line":281,"column":0},"end":{"line":281,"column":27}},"281":{"start":{"line":282,"column":0},"end":{"line":282,"column":0}},"282":{"start":{"line":283,"column":0},"end":{"line":283,"column":21}},"283":{"start":{"line":284,"column":0},"end":{"line":284,"column":27}},"284":{"start":{"line":285,"column":0},"end":{"line":285,"column":51}},"285":{"start":{"line":286,"column":0},"end":{"line":286,"column":14}},"286":{"start":{"line":287,"column":0},"end":{"line":287,"column":48}},"287":{"start":{"line":288,"column":0},"end":{"line":288,"column":7}},"288":{"start":{"line":289,"column":0},"end":{"line":289,"column":0}},"289":{"start":{"line":290,"column":0},"end":{"line":290,"column":50}},"290":{"start":{"line":291,"column":0},"end":{"line":291,"column":0}},"291":{"start":{"line":292,"column":0},"end":{"line":292,"column":22}},"292":{"start":{"line":293,"column":0},"end":{"line":293,"column":26}},"293":{"start":{"line":294,"column":0},"end":{"line":294,"column":5}},"294":{"start":{"line":295,"column":0},"end":{"line":295,"column":0}},"295":{"start":{"line":296,"column":0},"end":{"line":296,"column":19}},"296":{"start":{"line":297,"column":0},"end":{"line":297,"column":3}},"297":{"start":{"line":298,"column":0},"end":{"line":298,"column":0}},"298":{"start":{"line":299,"column":0},"end":{"line":299,"column":5}},"299":{"start":{"line":300,"column":0},"end":{"line":300,"column":24}},"300":{"start":{"line":301,"column":0},"end":{"line":301,"column":5}},"301":{"start":{"line":302,"column":0},"end":{"line":302,"column":32}},"302":{"start":{"line":303,"column":0},"end":{"line":303,"column":52}},"303":{"start":{"line":304,"column":0},"end":{"line":304,"column":44}},"304":{"start":{"line":305,"column":0},"end":{"line":305,"column":3}},"305":{"start":{"line":306,"column":0},"end":{"line":306,"column":0}},"306":{"start":{"line":307,"column":0},"end":{"line":307,"column":5}},"307":{"start":{"line":308,"column":0},"end":{"line":308,"column":28}},"308":{"start":{"line":309,"column":0},"end":{"line":309,"column":5}},"309":{"start":{"line":310,"column":0},"end":{"line":310,"column":41}},"310":{"start":{"line":311,"column":0},"end":{"line":311,"column":52}},"311":{"start":{"line":312,"column":0},"end":{"line":312,"column":46}},"312":{"start":{"line":313,"column":0},"end":{"line":313,"column":0}},"313":{"start":{"line":314,"column":0},"end":{"line":314,"column":63}},"314":{"start":{"line":315,"column":0},"end":{"line":315,"column":47}},"315":{"start":{"line":316,"column":0},"end":{"line":316,"column":29}},"316":{"start":{"line":317,"column":0},"end":{"line":317,"column":30}},"317":{"start":{"line":318,"column":0},"end":{"line":318,"column":40}},"318":{"start":{"line":319,"column":0},"end":{"line":319,"column":10}},"319":{"start":{"line":320,"column":0},"end":{"line":320,"column":0}},"320":{"start":{"line":321,"column":0},"end":{"line":321,"column":34}},"321":{"start":{"line":322,"column":0},"end":{"line":322,"column":44}},"322":{"start":{"line":323,"column":0},"end":{"line":323,"column":0}},"323":{"start":{"line":324,"column":0},"end":{"line":324,"column":50}},"324":{"start":{"line":325,"column":0},"end":{"line":325,"column":24}},"325":{"start":{"line":326,"column":0},"end":{"line":326,"column":22}},"326":{"start":{"line":327,"column":0},"end":{"line":327,"column":9}},"327":{"start":{"line":328,"column":0},"end":{"line":328,"column":7}},"328":{"start":{"line":329,"column":0},"end":{"line":329,"column":38}},"329":{"start":{"line":330,"column":0},"end":{"line":330,"column":3}},"330":{"start":{"line":331,"column":0},"end":{"line":331,"column":0}},"331":{"start":{"line":332,"column":0},"end":{"line":332,"column":5}},"332":{"start":{"line":333,"column":0},"end":{"line":333,"column":24}},"333":{"start":{"line":334,"column":0},"end":{"line":334,"column":5}},"334":{"start":{"line":335,"column":0},"end":{"line":335,"column":38}},"335":{"start":{"line":336,"column":0},"end":{"line":336,"column":49}},"336":{"start":{"line":337,"column":0},"end":{"line":337,"column":49}},"337":{"start":{"line":338,"column":0},"end":{"line":338,"column":45}},"338":{"start":{"line":339,"column":0},"end":{"line":339,"column":0}},"339":{"start":{"line":340,"column":0},"end":{"line":340,"column":42}},"340":{"start":{"line":341,"column":0},"end":{"line":341,"column":34}},"341":{"start":{"line":342,"column":0},"end":{"line":342,"column":30}},"342":{"start":{"line":343,"column":0},"end":{"line":343,"column":8}},"343":{"start":{"line":344,"column":0},"end":{"line":344,"column":0}},"344":{"start":{"line":345,"column":0},"end":{"line":345,"column":32}},"345":{"start":{"line":346,"column":0},"end":{"line":346,"column":42}},"346":{"start":{"line":347,"column":0},"end":{"line":347,"column":41}},"347":{"start":{"line":348,"column":0},"end":{"line":348,"column":3}},"348":{"start":{"line":349,"column":0},"end":{"line":349,"column":0}},"349":{"start":{"line":350,"column":0},"end":{"line":350,"column":5}},"350":{"start":{"line":351,"column":0},"end":{"line":351,"column":24}},"351":{"start":{"line":352,"column":0},"end":{"line":352,"column":5}},"352":{"start":{"line":353,"column":0},"end":{"line":353,"column":34}},"353":{"start":{"line":354,"column":0},"end":{"line":354,"column":37}},"354":{"start":{"line":355,"column":0},"end":{"line":355,"column":48}},"355":{"start":{"line":356,"column":0},"end":{"line":356,"column":45}},"356":{"start":{"line":357,"column":0},"end":{"line":357,"column":5}},"357":{"start":{"line":358,"column":0},"end":{"line":358,"column":0}},"358":{"start":{"line":359,"column":0},"end":{"line":359,"column":34}},"359":{"start":{"line":360,"column":0},"end":{"line":360,"column":45}},"360":{"start":{"line":361,"column":0},"end":{"line":361,"column":42}},"361":{"start":{"line":362,"column":0},"end":{"line":362,"column":5}},"362":{"start":{"line":363,"column":0},"end":{"line":363,"column":3}},"363":{"start":{"line":364,"column":0},"end":{"line":364,"column":0}},"364":{"start":{"line":365,"column":0},"end":{"line":365,"column":5}},"365":{"start":{"line":366,"column":0},"end":{"line":366,"column":31}},"366":{"start":{"line":367,"column":0},"end":{"line":367,"column":5}},"367":{"start":{"line":368,"column":0},"end":{"line":368,"column":45}},"368":{"start":{"line":369,"column":0},"end":{"line":369,"column":40}},"369":{"start":{"line":370,"column":0},"end":{"line":370,"column":12}},"370":{"start":{"line":371,"column":0},"end":{"line":371,"column":59}},"371":{"start":{"line":372,"column":0},"end":{"line":372,"column":61}},"372":{"start":{"line":373,"column":0},"end":{"line":373,"column":59}},"373":{"start":{"line":374,"column":0},"end":{"line":374,"column":47}},"374":{"start":{"line":375,"column":0},"end":{"line":375,"column":28}},"375":{"start":{"line":376,"column":0},"end":{"line":376,"column":6}},"376":{"start":{"line":377,"column":0},"end":{"line":377,"column":3}},"377":{"start":{"line":378,"column":0},"end":{"line":378,"column":1}}},"s":{"0":1,"1":1,"2":1,"3":1,"4":1,"5":1,"6":1,"7":1,"8":1,"9":1,"10":1,"11":1,"12":1,"13":1,"14":1,"15":1,"16":1,"17":1,"18":1,"19":1,"20":1,"21":1,"22":1,"23":1,"24":1,"25":1,"26":1,"27":1,"28":1,"29":1,"30":1,"31":1,"32":1,"33":1,"34":1,"35":1,"36":1,"37":1,"38":1,"39":1,"40":1,"41":1,"42":1,"43":1,"44":1,"45":1,"46":1,"47":1,"48":1,"49":1,"50":1,"51":1,"52":1,"53":1,"54":1,"55":1,"56":1,"57":1,"58":1,"59":1,"60":1,"61":1,"62":1,"63":1,"64":1,"65":1,"66":1,"67":1,"68":1,"69":1,"70":12,"71":12,"72":12,"73":12,"74":12,"75":12,"76":12,"77":12,"78":12,"79":12,"80":12,"81":12,"82":12,"83":12,"84":12,"85":12,"86":12,"87":12,"88":12,"89":12,"90":12,"91":12,"92":12,"93":12,"94":12,"95":12,"96":12,"97":12,"98":12,"99":12,"100":12,"101":12,"102":12,"103":12,"104":12,"105":12,"106":12,"107":12,"108":12,"109":12,"110":12,"111":12,"112":12,"113":12,"114":12,"115":12,"116":1,"117":1,"118":12,"119":12,"120":12,"121":12,"122":12,"123":7,"124":1,"125":1,"126":6,"127":6,"128":6,"129":6,"130":6,"131":6,"132":6,"133":6,"134":6,"135":6,"136":6,"137":6,"138":6,"139":6,"140":7,"141":1,"142":1,"143":6,"144":6,"145":6,"146":6,"147":6,"148":6,"149":6,"150":6,"151":6,"152":7,"153":0,"154":0,"155":7,"156":6,"157":6,"158":6,"159":7,"160":12,"161":12,"162":12,"163":12,"164":12,"165":0,"166":0,"167":0,"168":0,"169":0,"170":0,"171":0,"172":0,"173":0,"174":0,"175":0,"176":0,"177":0,"178":0,"179":12,"180":12,"181":12,"182":12,"183":12,"184":1,"185":1,"186":1,"187":1,"188":1,"189":1,"190":1,"191":1,"192":1,"193":12,"194":12,"195":12,"196":12,"197":12,"198":1,"199":1,"200":12,"201":12,"202":12,"203":12,"204":12,"205":8,"206":8,"207":8,"208":8,"209":8,"210":8,"211":8,"212":8,"213":12,"214":12,"215":12,"216":12,"217":12,"218":6,"219":6,"220":6,"221":6,"222":6,"223":6,"224":6,"225":6,"226":7,"227":7,"228":7,"229":7,"230":7,"231":6,"232":6,"233":6,"234":6,"235":7,"236":7,"237":6,"238":6,"239":6,"240":12,"241":12,"242":12,"243":12,"244":12,"245":6,"246":6,"247":6,"248":6,"249":6,"250":6,"251":6,"252":6,"253":6,"254":6,"255":6,"256":6,"257":7,"258":7,"259":7,"260":0,"261":0,"262":7,"263":6,"264":6,"265":6,"266":6,"267":12,"268":12,"269":12,"270":12,"271":12,"272":6,"273":6,"274":6,"275":6,"276":7,"277":7,"278":7,"279":7,"280":7,"281":7,"282":7,"283":7,"284":7,"285":7,"286":0,"287":0,"288":7,"289":7,"290":7,"291":7,"292":7,"293":7,"294":6,"295":6,"296":6,"297":12,"298":12,"299":12,"300":12,"301":12,"302":7,"303":7,"304":7,"305":12,"306":12,"307":12,"308":12,"309":12,"310":6,"311":0,"312":0,"313":0,"314":0,"315":0,"316":0,"317":0,"318":0,"319":0,"320":0,"321":0,"322":0,"323":0,"324":0,"325":0,"326":0,"327":0,"328":6,"329":6,"330":12,"331":12,"332":12,"333":12,"334":12,"335":1,"336":0,"337":0,"338":0,"339":0,"340":0,"341":0,"342":0,"343":0,"344":0,"345":0,"346":1,"347":1,"348":12,"349":12,"350":12,"351":12,"352":12,"353":6,"354":6,"355":6,"356":6,"357":6,"358":6,"359":1,"360":1,"361":1,"362":6,"363":12,"364":12,"365":12,"366":12,"367":12,"368":0,"369":0,"370":0,"371":0,"372":0,"373":0,"374":0,"375":0,"376":0,"377":12},"branchMap":{"0":{"type":"branch","line":70,"loc":{"start":{"line":70,"column":52},"end":{"line":378,"column":1}},"locations":[{"start":{"line":70,"column":52},"end":{"line":378,"column":1}}]},"1":{"type":"branch","line":79,"loc":{"start":{"line":79,"column":2},"end":{"line":111,"column":3}},"locations":[{"start":{"line":79,"column":2},"end":{"line":111,"column":3}}]},"2":{"type":"branch","line":83,"loc":{"start":{"line":83,"column":24},"end":{"line":83,"column":40}},"locations":[{"start":{"line":83,"column":24},"end":{"line":83,"column":40}}]},"3":{"type":"branch","line":84,"loc":{"start":{"line":84,"column":32},"end":{"line":84,"column":58}},"locations":[{"start":{"line":84,"column":32},"end":{"line":84,"column":58}}]},"4":{"type":"branch","line":85,"loc":{"start":{"line":85,"column":35},"end":{"line":85,"column":65}},"locations":[{"start":{"line":85,"column":35},"end":{"line":85,"column":65}}]},"5":{"type":"branch","line":86,"loc":{"start":{"line":86,"column":34},"end":{"line":86,"column":62}},"locations":[{"start":{"line":86,"column":34},"end":{"line":86,"column":62}}]},"6":{"type":"branch","line":88,"loc":{"start":{"line":88,"column":27},"end":{"line":88,"column":54}},"locations":[{"start":{"line":88,"column":27},"end":{"line":88,"column":54}}]},"7":{"type":"branch","line":89,"loc":{"start":{"line":89,"column":31},"end":{"line":89,"column":62}},"locations":[{"start":{"line":89,"column":31},"end":{"line":89,"column":62}}]},"8":{"type":"branch","line":90,"loc":{"start":{"line":90,"column":34},"end":{"line":90,"column":68}},"locations":[{"start":{"line":90,"column":34},"end":{"line":90,"column":68}}]},"9":{"type":"branch","line":91,"loc":{"start":{"line":91,"column":26},"end":{"line":91,"column":52}},"locations":[{"start":{"line":91,"column":26},"end":{"line":91,"column":52}}]},"10":{"type":"branch","line":92,"loc":{"start":{"line":92,"column":40},"end":{"line":92,"column":80}},"locations":[{"start":{"line":92,"column":40},"end":{"line":92,"column":80}}]},"11":{"type":"branch","line":93,"loc":{"start":{"line":93,"column":38},"end":{"line":93,"column":76}},"locations":[{"start":{"line":93,"column":38},"end":{"line":93,"column":76}}]},"12":{"type":"branch","line":116,"loc":{"start":{"line":116,"column":2},"end":{"line":118,"column":3}},"locations":[{"start":{"line":116,"column":2},"end":{"line":118,"column":3}}]},"13":{"type":"branch","line":123,"loc":{"start":{"line":123,"column":2},"end":{"line":160,"column":3}},"locations":[{"start":{"line":123,"column":2},"end":{"line":160,"column":3}}]},"14":{"type":"branch","line":124,"loc":{"start":{"line":124,"column":24},"end":{"line":126,"column":5}},"locations":[{"start":{"line":124,"column":24},"end":{"line":126,"column":5}}]},"15":{"type":"branch","line":126,"loc":{"start":{"line":126,"column":4},"end":{"line":141,"column":43}},"locations":[{"start":{"line":126,"column":4},"end":{"line":141,"column":43}}]},"16":{"type":"branch","line":141,"loc":{"start":{"line":141,"column":43},"end":{"line":143,"column":7}},"locations":[{"start":{"line":141,"column":43},"end":{"line":143,"column":7}}]},"17":{"type":"branch","line":143,"loc":{"start":{"line":143,"column":6},"end":{"line":153,"column":13}},"locations":[{"start":{"line":143,"column":6},"end":{"line":153,"column":13}}]},"18":{"type":"branch","line":153,"loc":{"start":{"line":153,"column":4},"end":{"line":156,"column":6}},"locations":[{"start":{"line":153,"column":4},"end":{"line":156,"column":6}}]},"19":{"type":"branch","line":156,"loc":{"start":{"line":156,"column":4},"end":{"line":159,"column":5}},"locations":[{"start":{"line":156,"column":4},"end":{"line":159,"column":5}}]},"20":{"type":"branch","line":184,"loc":{"start":{"line":184,"column":2},"end":{"line":193,"column":3}},"locations":[{"start":{"line":184,"column":2},"end":{"line":193,"column":3}}]},"21":{"type":"branch","line":198,"loc":{"start":{"line":198,"column":2},"end":{"line":200,"column":3}},"locations":[{"start":{"line":198,"column":2},"end":{"line":200,"column":3}}]},"22":{"type":"branch","line":205,"loc":{"start":{"line":205,"column":2},"end":{"line":213,"column":3}},"locations":[{"start":{"line":205,"column":2},"end":{"line":213,"column":3}}]},"23":{"type":"branch","line":211,"loc":{"start":{"line":211,"column":26},"end":{"line":211,"column":70}},"locations":[{"start":{"line":211,"column":26},"end":{"line":211,"column":70}}]},"24":{"type":"branch","line":211,"loc":{"start":{"line":211,"column":66},"end":{"line":211,"column":72}},"locations":[{"start":{"line":211,"column":66},"end":{"line":211,"column":72}}]},"25":{"type":"branch","line":218,"loc":{"start":{"line":218,"column":2},"end":{"line":240,"column":3}},"locations":[{"start":{"line":218,"column":2},"end":{"line":240,"column":3}}]},"26":{"type":"branch","line":235,"loc":{"start":{"line":235,"column":34},"end":{"line":237,"column":5}},"locations":[{"start":{"line":235,"column":34},"end":{"line":237,"column":5}}]},"27":{"type":"branch","line":226,"loc":{"start":{"line":226,"column":52},"end":{"line":232,"column":6}},"locations":[{"start":{"line":226,"column":52},"end":{"line":232,"column":6}}]},"28":{"type":"branch","line":245,"loc":{"start":{"line":245,"column":2},"end":{"line":267,"column":3}},"locations":[{"start":{"line":245,"column":2},"end":{"line":267,"column":3}}]},"29":{"type":"branch","line":257,"loc":{"start":{"line":257,"column":41},"end":{"line":263,"column":7}},"locations":[{"start":{"line":257,"column":41},"end":{"line":263,"column":7}}]},"30":{"type":"branch","line":260,"loc":{"start":{"line":260,"column":8},"end":{"line":262,"column":9}},"locations":[{"start":{"line":260,"column":8},"end":{"line":262,"column":9}}]},"31":{"type":"branch","line":254,"loc":{"start":{"line":254,"column":18},"end":{"line":254,"column":59}},"locations":[{"start":{"line":254,"column":18},"end":{"line":254,"column":59}}]},"32":{"type":"branch","line":272,"loc":{"start":{"line":272,"column":2},"end":{"line":297,"column":3}},"locations":[{"start":{"line":272,"column":2},"end":{"line":297,"column":3}}]},"33":{"type":"branch","line":276,"loc":{"start":{"line":276,"column":38},"end":{"line":294,"column":5}},"locations":[{"start":{"line":276,"column":38},"end":{"line":294,"column":5}}]},"34":{"type":"branch","line":286,"loc":{"start":{"line":286,"column":6},"end":{"line":288,"column":7}},"locations":[{"start":{"line":286,"column":6},"end":{"line":288,"column":7}}]},"35":{"type":"branch","line":302,"loc":{"start":{"line":302,"column":10},"end":{"line":305,"column":3}},"locations":[{"start":{"line":302,"column":10},"end":{"line":305,"column":3}}]},"36":{"type":"branch","line":310,"loc":{"start":{"line":310,"column":10},"end":{"line":330,"column":3}},"locations":[{"start":{"line":310,"column":10},"end":{"line":330,"column":3}}]},"37":{"type":"branch","line":335,"loc":{"start":{"line":335,"column":10},"end":{"line":348,"column":3}},"locations":[{"start":{"line":335,"column":10},"end":{"line":348,"column":3}}]},"38":{"type":"branch","line":353,"loc":{"start":{"line":353,"column":10},"end":{"line":363,"column":3}},"locations":[{"start":{"line":353,"column":10},"end":{"line":363,"column":3}}]},"39":{"type":"branch","line":359,"loc":{"start":{"line":359,"column":33},"end":{"line":362,"column":5}},"locations":[{"start":{"line":359,"column":33},"end":{"line":362,"column":5}}]}},"b":{"0":[12],"1":[12],"2":[10],"3":[11],"4":[10],"5":[5],"6":[0],"7":[0],"8":[0],"9":[0],"10":[0],"11":[0],"12":[1],"13":[7],"14":[1],"15":[6],"16":[1],"17":[6],"18":[0],"19":[6],"20":[1],"21":[1],"22":[8],"23":[7],"24":[1],"25":[6],"26":[7],"27":[7],"28":[6],"29":[7],"30":[0],"31":[7],"32":[6],"33":[7],"34":[0],"35":[7],"36":[6],"37":[1],"38":[6],"39":[1]},"fnMap":{"0":{"name":"<instance_members_initializer>","decl":{"start":{"line":70,"column":52},"end":{"line":378,"column":1}},"loc":{"start":{"line":70,"column":52},"end":{"line":378,"column":1}},"line":70},"1":{"name":"AgentOrchestrator","decl":{"start":{"line":79,"column":2},"end":{"line":111,"column":3}},"loc":{"start":{"line":79,"column":2},"end":{"line":111,"column":3}},"line":79},"2":{"name":"getEventBus","decl":{"start":{"line":116,"column":2},"end":{"line":118,"column":3}},"loc":{"start":{"line":116,"column":2},"end":{"line":118,"column":3}},"line":116},"3":{"name":"orchestrate","decl":{"start":{"line":123,"column":2},"end":{"line":160,"column":3}},"loc":{"start":{"line":123,"column":2},"end":{"line":160,"column":3}},"line":123},"4":{"name":"resumeFromCheckpoint","decl":{"start":{"line":165,"column":2},"end":{"line":179,"column":3}},"loc":{"start":{"line":165,"column":2},"end":{"line":179,"column":3}},"line":165},"5":{"name":"createCheckpoint","decl":{"start":{"line":184,"column":2},"end":{"line":193,"column":3}},"loc":{"start":{"line":184,"column":2},"end":{"line":193,"column":3}},"line":184},"6":{"name":"getPoolStats","decl":{"start":{"line":198,"column":2},"end":{"line":200,"column":3}},"loc":{"start":{"line":198,"column":2},"end":{"line":200,"column":3}},"line":198},"7":{"name":"getProgress","decl":{"start":{"line":205,"column":2},"end":{"line":213,"column":3}},"loc":{"start":{"line":205,"column":2},"end":{"line":213,"column":3}},"line":205},"8":{"name":"prepareWorkItems","decl":{"start":{"line":218,"column":2},"end":{"line":240,"column":3}},"loc":{"start":{"line":218,"column":2},"end":{"line":240,"column":3}},"line":218},"9":{"name":"analyzeComplexityBatch","decl":{"start":{"line":245,"column":2},"end":{"line":267,"column":3}},"loc":{"start":{"line":245,"column":2},"end":{"line":267,"column":3}},"line":245},"10":{"name":"executeWork","decl":{"start":{"line":272,"column":2},"end":{"line":297,"column":3}},"loc":{"start":{"line":272,"column":2},"end":{"line":297,"column":3}},"line":272},"11":{"name":"emitProgress","decl":{"start":{"line":302,"column":10},"end":{"line":305,"column":3}},"loc":{"start":{"line":302,"column":10},"end":{"line":305,"column":3}},"line":302},"12":{"name":"startMemoryMonitoring","decl":{"start":{"line":310,"column":10},"end":{"line":330,"column":3}},"loc":{"start":{"line":310,"column":10},"end":{"line":330,"column":3}},"line":310},"13":{"name":"startCheckpointing","decl":{"start":{"line":335,"column":10},"end":{"line":348,"column":3}},"loc":{"start":{"line":335,"column":10},"end":{"line":348,"column":3}},"line":335},"14":{"name":"stopMonitoring","decl":{"start":{"line":353,"column":10},"end":{"line":363,"column":3}},"loc":{"start":{"line":353,"column":10},"end":{"line":363,"column":3}},"line":353},"15":{"name":"getMemoryMetrics","decl":{"start":{"line":368,"column":10},"end":{"line":377,"column":3}},"loc":{"start":{"line":368,"column":10},"end":{"line":377,"column":3}},"line":368}},"f":{"0":12,"1":12,"2":1,"3":7,"4":0,"5":1,"6":1,"7":8,"8":6,"9":6,"10":6,"11":7,"12":6,"13":1,"14":6,"15":0}}
,"/home/user/OmniAudit/packages/core/src/agent/base.ts": {"path":"/home/user/OmniAudit/packages/core/src/agent/base.ts","all":false,"statementMap":{"0":{"start":{"line":1,"column":0},"end":{"line":1,"column":3}},"1":{"start":{"line":2,"column":0},"end":{"line":2,"column":28}},"2":{"start":{"line":3,"column":0},"end":{"line":3,"column":37}},"3":{"start":{"line":4,"column":0},"end":{"line":4,"column":3}},"4":{"start":{"line":5,"column":0},"end":{"line":5,"column":0}},"5":{"start":{"line":6,"column":0},"end":{"line":6,"column":41}},"6":{"start":{"line":7,"column":0},"end":{"line":7,"column":87}},"7":{"start":{"line":8,"column":0},"end":{"line":8,"column":48}},"8":{"start":{"line":9,"column":0},"end":{"line":9,"column":55}},"9":{"start":{"line":10,"column":0},"end":{"line":10,"column":64}},"10":{"start":{"line":11,"column":0},"end":{"line":11,"column":8}},"11":{"start":{"line":12,"column":0},"end":{"line":12,"column":22}},"12":{"start":{"line":13,"column":0},"end":{"line":13,"column":19}},"13":{"start":{"line":14,"column":0},"end":{"line":14,"column":22}},"14":{"start":{"line":15,"column":0},"end":{"line":15,"column":25}},"15":{"start":{"line":16,"column":0},"end":{"line":16,"column":28}},"16":{"start":{"line":17,"column":0},"end":{"line":17,"column":0}},"17":{"start":{"line":18,"column":0},"end":{"line":18,"column":3}},"18":{"start":{"line":19,"column":0},"end":{"line":19,"column":38}},"19":{"start":{"line":20,"column":0},"end":{"line":20,"column":3}},"20":{"start":{"line":21,"column":0},"end":{"line":21,"column":39}},"21":{"start":{"line":22,"column":0},"end":{"line":22,"column":14}},"22":{"start":{"line":23,"column":0},"end":{"line":23,"column":20}},"23":{"start":{"line":24,"column":0},"end":{"line":24,"column":36}},"24":{"start":{"line":25,"column":0},"end":{"line":25,"column":34}},"25":{"start":{"line":26,"column":0},"end":{"line":26,"column":34}},"26":{"start":{"line":27,"column":0},"end":{"line":27,"column":5}},"27":{"start":{"line":28,"column":0},"end":{"line":28,"column":19}},"28":{"start":{"line":29,"column":0},"end":{"line":29,"column":29}},"29":{"start":{"line":30,"column":0},"end":{"line":30,"column":3}},"30":{"start":{"line":31,"column":0},"end":{"line":31,"column":1}},"31":{"start":{"line":32,"column":0},"end":{"line":32,"column":0}},"32":{"start":{"line":33,"column":0},"end":{"line":33,"column":3}},"33":{"start":{"line":34,"column":0},"end":{"line":34,"column":28}},"34":{"start":{"line":35,"column":0},"end":{"line":35,"column":2}},"35":{"start":{"line":36,"column":0},"end":{"line":36,"column":41}},"36":{"start":{"line":37,"column":0},"end":{"line":37,"column":25}},"37":{"start":{"line":38,"column":0},"end":{"line":38,"column":19}},"38":{"start":{"line":39,"column":0},"end":{"line":39,"column":36}},"39":{"start":{"line":40,"column":0},"end":{"line":40,"column":23}},"40":{"start":{"line":41,"column":0},"end":{"line":41,"column":19}},"41":{"start":{"line":42,"column":0},"end":{"line":42,"column":2}},"42":{"start":{"line":43,"column":0},"end":{"line":43,"column":29}},"43":{"start":{"line":44,"column":0},"end":{"line":44,"column":39}},"44":{"start":{"line":45,"column":0},"end":{"line":45,"column":2}},"45":{"start":{"line":46,"column":0},"end":{"line":46,"column":11}},"46":{"start":{"line":47,"column":0},"end":{"line":47,"column":16}},"47":{"start":{"line":48,"column":0},"end":{"line":48,"column":36}},"48":{"start":{"line":49,"column":0},"end":{"line":49,"column":72}},"49":{"start":{"line":50,"column":0},"end":{"line":50,"column":31}},"50":{"start":{"line":51,"column":0},"end":{"line":51,"column":23}},"51":{"start":{"line":52,"column":0},"end":{"line":52,"column":6}},"52":{"start":{"line":53,"column":0},"end":{"line":53,"column":4}},"53":{"start":{"line":54,"column":0},"end":{"line":54,"column":2}},"54":{"start":{"line":55,"column":0},"end":{"line":55,"column":38}},"55":{"start":{"line":56,"column":0},"end":{"line":56,"column":22}},"56":{"start":{"line":57,"column":0},"end":{"line":57,"column":48}},"57":{"start":{"line":58,"column":0},"end":{"line":58,"column":25}},"58":{"start":{"line":59,"column":0},"end":{"line":59,"column":6}},"59":{"start":{"line":60,"column":0},"end":{"line":60,"column":3}},"60":{"start":{"line":61,"column":0},"end":{"line":61,"column":51}},"61":{"start":{"line":62,"column":0},"end":{"line":62,"column":22}},"62":{"start":{"line":63,"column":0},"end":{"line":63,"column":43}},"63":{"start":{"line":64,"column":0},"end":{"line":64,"column":47}},"64":{"start":{"line":65,"column":0},"end":{"line":65,"column":30}},"65":{"start":{"line":66,"column":0},"end":{"line":66,"column":27}},"66":{"start":{"line":67,"column":0},"end":{"line":67,"column":0}},"67":{"start":{"line":68,"column":0},"end":{"line":68,"column":38}},"68":{"start":{"line":69,"column":0},"end":{"line":69,"column":25}},"69":{"start":{"line":70,"column":0},"end":{"line":70,"column":27}},"70":{"start":{"line":71,"column":0},"end":{"line":71,"column":49}},"71":{"start":{"line":72,"column":0},"end":{"line":72,"column":18}},"72":{"start":{"line":73,"column":0},"end":{"line":73,"column":18}},"73":{"start":{"line":74,"column":0},"end":{"line":74,"column":31}},"74":{"start":{"line":75,"column":0},"end":{"line":75,"column":18}},"75":{"start":{"line":76,"column":0},"end":{"line":76,"column":20}},"76":{"start":{"line":77,"column":0},"end":{"line":77,"column":6}},"77":{"start":{"line":78,"column":0},"end":{"line":78,"column":0}},"78":{"start":{"line":79,"column":0},"end":{"line":79,"column":28}},"79":{"start":{"line":80,"column":0},"end":{"line":80,"column":31}},"80":{"start":{"line":81,"column":0},"end":{"line":81,"column":3}},"81":{"start":{"line":82,"column":0},"end":{"line":82,"column":0}},"82":{"start":{"line":83,"column":0},"end":{"line":83,"column":5}},"83":{"start":{"line":84,"column":0},"end":{"line":84,"column":25}},"84":{"start":{"line":85,"column":0},"end":{"line":85,"column":5}},"85":{"start":{"line":86,"column":0},"end":{"line":86,"column":31}},"86":{"start":{"line":87,"column":0},"end":{"line":87,"column":50}},"87":{"start":{"line":88,"column":0},"end":{"line":88,"column":61}},"88":{"start":{"line":89,"column":0},"end":{"line":89,"column":26}},"89":{"start":{"line":90,"column":0},"end":{"line":90,"column":53}},"90":{"start":{"line":91,"column":0},"end":{"line":91,"column":7}},"91":{"start":{"line":92,"column":0},"end":{"line":92,"column":3}},"92":{"start":{"line":93,"column":0},"end":{"line":93,"column":0}},"93":{"start":{"line":94,"column":0},"end":{"line":94,"column":5}},"94":{"start":{"line":95,"column":0},"end":{"line":95,"column":24}},"95":{"start":{"line":96,"column":0},"end":{"line":96,"column":5}},"96":{"start":{"line":97,"column":0},"end":{"line":97,"column":62}},"97":{"start":{"line":98,"column":0},"end":{"line":98,"column":33}},"98":{"start":{"line":99,"column":0},"end":{"line":99,"column":0}},"99":{"start":{"line":100,"column":0},"end":{"line":100,"column":74}},"100":{"start":{"line":101,"column":0},"end":{"line":101,"column":24}},"101":{"start":{"line":102,"column":0},"end":{"line":102,"column":38}},"102":{"start":{"line":103,"column":0},"end":{"line":103,"column":35}},"103":{"start":{"line":104,"column":0},"end":{"line":104,"column":30}},"104":{"start":{"line":105,"column":0},"end":{"line":105,"column":9}},"105":{"start":{"line":106,"column":0},"end":{"line":106,"column":0}},"106":{"start":{"line":107,"column":0},"end":{"line":107,"column":11}},"107":{"start":{"line":108,"column":0},"end":{"line":108,"column":44}},"108":{"start":{"line":109,"column":0},"end":{"line":109,"column":81}},"109":{"start":{"line":110,"column":0},"end":{"line":110,"column":0}},"110":{"start":{"line":111,"column":0},"end":{"line":111,"column":40}},"111":{"start":{"line":112,"column":0},"end":{"line":112,"column":27}},"112":{"start":{"line":113,"column":0},"end":{"line":113,"column":30}},"113":{"start":{"line":114,"column":0},"end":{"line":114,"column":34}},"114":{"start":{"line":115,"column":0},"end":{"line":115,"column":19}},"115":{"start":{"line":116,"column":0},"end":{"line":116,"column":43}},"116":{"start":{"line":117,"column":0},"end":{"line":117,"column":24}},"117":{"start":{"line":118,"column":0},"end":{"line":118,"column":10}},"118":{"start":{"line":119,"column":0},"end":{"line":119,"column":0}},"119":{"start":{"line":120,"column":0},"end":{"line":120,"column":39}},"120":{"start":{"line":121,"column":0},"end":{"line":121,"column":28}},"121":{"start":{"line":122,"column":0},"end":{"line":122,"column":44}},"122":{"start":{"line":123,"column":0},"end":{"line":123,"column":0}},"123":{"start":{"line":124,"column":0},"end":{"line":124,"column":22}},"124":{"start":{"line":125,"column":0},"end":{"line":125,"column":23}},"125":{"start":{"line":126,"column":0},"end":{"line":126,"column":80}},"126":{"start":{"line":127,"column":0},"end":{"line":127,"column":65}},"127":{"start":{"line":128,"column":0},"end":{"line":128,"column":18}},"128":{"start":{"line":129,"column":0},"end":{"line":129,"column":16}},"129":{"start":{"line":130,"column":0},"end":{"line":130,"column":53}},"130":{"start":{"line":131,"column":0},"end":{"line":131,"column":10}},"131":{"start":{"line":132,"column":0},"end":{"line":132,"column":0}},"132":{"start":{"line":133,"column":0},"end":{"line":133,"column":51}},"133":{"start":{"line":134,"column":0},"end":{"line":134,"column":0}},"134":{"start":{"line":135,"column":0},"end":{"line":135,"column":40}},"135":{"start":{"line":136,"column":0},"end":{"line":136,"column":27}},"136":{"start":{"line":137,"column":0},"end":{"line":137,"column":30}},"137":{"start":{"line":138,"column":0},"end":{"line":138,"column":34}},"138":{"start":{"line":139,"column":0},"end":{"line":139,"column":23}},"139":{"start":{"line":140,"column":0},"end":{"line":140,"column":43}},"140":{"start":{"line":141,"column":0},"end":{"line":141,"column":25}},"141":{"start":{"line":142,"column":0},"end":{"line":142,"column":36}},"142":{"start":{"line":143,"column":0},"end":{"line":143,"column":10}},"143":{"start":{"line":144,"column":0},"end":{"line":144,"column":0}},"144":{"start":{"line":145,"column":0},"end":{"line":145,"column":22}},"145":{"start":{"line":146,"column":0},"end":{"line":146,"column":7}},"146":{"start":{"line":147,"column":0},"end":{"line":147,"column":7}},"147":{"start":{"line":148,"column":0},"end":{"line":148,"column":3}},"148":{"start":{"line":149,"column":0},"end":{"line":149,"column":0}},"149":{"start":{"line":150,"column":0},"end":{"line":150,"column":5}},"150":{"start":{"line":151,"column":0},"end":{"line":151,"column":28}},"151":{"start":{"line":152,"column":0},"end":{"line":152,"column":5}},"152":{"start":{"line":153,"column":0},"end":{"line":153,"column":55}},"153":{"start":{"line":154,"column":0},"end":{"line":154,"column":52}},"154":{"start":{"line":155,"column":0},"end":{"line":155,"column":58}},"155":{"start":{"line":156,"column":0},"end":{"line":156,"column":0}},"156":{"start":{"line":157,"column":0},"end":{"line":157,"column":28}},"157":{"start":{"line":158,"column":0},"end":{"line":158,"column":33}},"158":{"start":{"line":159,"column":0},"end":{"line":159,"column":90}},"159":{"start":{"line":160,"column":0},"end":{"line":160,"column":8}},"160":{"start":{"line":161,"column":0},"end":{"line":161,"column":0}},"161":{"start":{"line":162,"column":0},"end":{"line":162,"column":34}},"162":{"start":{"line":163,"column":0},"end":{"line":163,"column":0}},"163":{"start":{"line":164,"column":0},"end":{"line":164,"column":24}},"164":{"start":{"line":165,"column":0},"end":{"line":165,"column":38}},"165":{"start":{"line":166,"column":0},"end":{"line":166,"column":32}},"166":{"start":{"line":167,"column":0},"end":{"line":167,"column":22}},"167":{"start":{"line":168,"column":0},"end":{"line":168,"column":9}},"168":{"start":{"line":169,"column":0},"end":{"line":169,"column":7}},"169":{"start":{"line":170,"column":0},"end":{"line":170,"column":3}},"170":{"start":{"line":171,"column":0},"end":{"line":171,"column":0}},"171":{"start":{"line":172,"column":0},"end":{"line":172,"column":5}},"172":{"start":{"line":173,"column":0},"end":{"line":173,"column":28}},"173":{"start":{"line":174,"column":0},"end":{"line":174,"column":5}},"174":{"start":{"line":175,"column":0},"end":{"line":175,"column":34}},"175":{"start":{"line":176,"column":0},"end":{"line":176,"column":53}},"176":{"start":{"line":177,"column":0},"end":{"line":177,"column":29}},"177":{"start":{"line":178,"column":0},"end":{"line":178,"column":53}},"178":{"start":{"line":179,"column":0},"end":{"line":179,"column":7}},"179":{"start":{"line":180,"column":0},"end":{"line":180,"column":3}},"180":{"start":{"line":181,"column":0},"end":{"line":181,"column":0}},"181":{"start":{"line":182,"column":0},"end":{"line":182,"column":5}},"182":{"start":{"line":183,"column":0},"end":{"line":183,"column":32}},"183":{"start":{"line":184,"column":0},"end":{"line":184,"column":5}},"184":{"start":{"line":185,"column":0},"end":{"line":185,"column":26}},"185":{"start":{"line":186,"column":0},"end":{"line":186,"column":78}},"186":{"start":{"line":187,"column":0},"end":{"line":187,"column":3}},"187":{"start":{"line":188,"column":0},"end":{"line":188,"column":0}},"188":{"start":{"line":189,"column":0},"end":{"line":189,"column":5}},"189":{"start":{"line":190,"column":0},"end":{"line":190,"column":29}},"190":{"start":{"line":191,"column":0},"end":{"line":191,"column":5}},"191":{"start":{"line":192,"column":0},"end":{"line":192,"column":23}},"192":{"start":{"line":193,"column":0},"end":{"line":193,"column":29}},"193":{"start":{"line":194,"column":0},"end":{"line":194,"column":3}},"194":{"start":{"line":195,"column":0},"end":{"line":195,"column":0}},"195":{"start":{"line":196,"column":0},"end":{"line":196,"column":5}},"196":{"start":{"line":197,"column":0},"end":{"line":197,"column":28}},"197":{"start":{"line":198,"column":0},"end":{"line":198,"column":5}},"198":{"start":{"line":199,"column":0},"end":{"line":199,"column":26}},"199":{"start":{"line":200,"column":0},"end":{"line":200,"column":29}},"200":{"start":{"line":201,"column":0},"end":{"line":201,"column":3}},"201":{"start":{"line":202,"column":0},"end":{"line":202,"column":0}},"202":{"start":{"line":203,"column":0},"end":{"line":203,"column":5}},"203":{"start":{"line":204,"column":0},"end":{"line":204,"column":26}},"204":{"start":{"line":205,"column":0},"end":{"line":205,"column":5}},"205":{"start":{"line":206,"column":0},"end":{"line":206,"column":70}},"206":{"start":{"line":207,"column":0},"end":{"line":207,"column":35}},"207":{"start":{"line":208,"column":0},"end":{"line":208,"column":31}},"208":{"start":{"line":209,"column":0},"end":{"line":209,"column":46}},"209":{"start":{"line":210,"column":0},"end":{"line":210,"column":16}},"210":{"start":{"line":211,"column":0},"end":{"line":211,"column":44}},"211":{"start":{"line":212,"column":0},"end":{"line":212,"column":50}},"212":{"start":{"line":213,"column":0},"end":{"line":213,"column":9}},"213":{"start":{"line":214,"column":0},"end":{"line":214,"column":6}},"214":{"start":{"line":215,"column":0},"end":{"line":215,"column":3}},"215":{"start":{"line":216,"column":0},"end":{"line":216,"column":0}},"216":{"start":{"line":217,"column":0},"end":{"line":217,"column":5}},"217":{"start":{"line":218,"column":0},"end":{"line":218,"column":23}},"218":{"start":{"line":219,"column":0},"end":{"line":219,"column":5}},"219":{"start":{"line":220,"column":0},"end":{"line":220,"column":61}},"220":{"start":{"line":221,"column":0},"end":{"line":221,"column":44}},"221":{"start":{"line":222,"column":0},"end":{"line":222,"column":47}},"222":{"start":{"line":223,"column":0},"end":{"line":223,"column":0}},"223":{"start":{"line":224,"column":0},"end":{"line":224,"column":30}},"224":{"start":{"line":225,"column":0},"end":{"line":225,"column":31}},"225":{"start":{"line":226,"column":0},"end":{"line":226,"column":93}},"226":{"start":{"line":227,"column":0},"end":{"line":227,"column":6}},"227":{"start":{"line":228,"column":0},"end":{"line":228,"column":3}},"228":{"start":{"line":229,"column":0},"end":{"line":229,"column":0}},"229":{"start":{"line":230,"column":0},"end":{"line":230,"column":5}},"230":{"start":{"line":231,"column":0},"end":{"line":231,"column":38}},"231":{"start":{"line":232,"column":0},"end":{"line":232,"column":5}},"232":{"start":{"line":233,"column":0},"end":{"line":233,"column":38}},"233":{"start":{"line":234,"column":0},"end":{"line":234,"column":25}},"234":{"start":{"line":235,"column":0},"end":{"line":235,"column":24}},"235":{"start":{"line":236,"column":0},"end":{"line":236,"column":17}},"236":{"start":{"line":237,"column":0},"end":{"line":237,"column":65}},"237":{"start":{"line":238,"column":0},"end":{"line":238,"column":37}},"238":{"start":{"line":239,"column":0},"end":{"line":239,"column":0}},"239":{"start":{"line":240,"column":0},"end":{"line":240,"column":58}},"240":{"start":{"line":241,"column":0},"end":{"line":241,"column":11}},"241":{"start":{"line":242,"column":0},"end":{"line":242,"column":26}},"242":{"start":{"line":243,"column":0},"end":{"line":243,"column":23}},"243":{"start":{"line":244,"column":0},"end":{"line":244,"column":78}},"244":{"start":{"line":245,"column":0},"end":{"line":245,"column":0}},"245":{"start":{"line":246,"column":0},"end":{"line":246,"column":32}},"246":{"start":{"line":247,"column":0},"end":{"line":247,"column":57}},"247":{"start":{"line":248,"column":0},"end":{"line":248,"column":36}},"248":{"start":{"line":249,"column":0},"end":{"line":249,"column":28}},"249":{"start":{"line":250,"column":0},"end":{"line":250,"column":60}},"250":{"start":{"line":251,"column":0},"end":{"line":251,"column":9}},"251":{"start":{"line":252,"column":0},"end":{"line":252,"column":7}},"252":{"start":{"line":253,"column":0},"end":{"line":253,"column":5}},"253":{"start":{"line":254,"column":0},"end":{"line":254,"column":0}},"254":{"start":{"line":255,"column":0},"end":{"line":255,"column":20}},"255":{"start":{"line":256,"column":0},"end":{"line":256,"column":3}},"256":{"start":{"line":257,"column":0},"end":{"line":257,"column":0}},"257":{"start":{"line":258,"column":0},"end":{"line":258,"column":5}},"258":{"start":{"line":259,"column":0},"end":{"line":259,"column":40}},"259":{"start":{"line":260,"column":0},"end":{"line":260,"column":5}},"260":{"start":{"line":261,"column":0},"end":{"line":261,"column":55}},"261":{"start":{"line":262,"column":0},"end":{"line":262,"column":57}},"262":{"start":{"line":263,"column":0},"end":{"line":263,"column":59}},"263":{"start":{"line":264,"column":0},"end":{"line":264,"column":71}},"264":{"start":{"line":265,"column":0},"end":{"line":265,"column":0}},"265":{"start":{"line":266,"column":0},"end":{"line":266,"column":24}},"266":{"start":{"line":267,"column":0},"end":{"line":267,"column":57}},"267":{"start":{"line":268,"column":0},"end":{"line":268,"column":38}},"268":{"start":{"line":269,"column":0},"end":{"line":269,"column":3}},"269":{"start":{"line":270,"column":0},"end":{"line":270,"column":0}},"270":{"start":{"line":271,"column":0},"end":{"line":271,"column":5}},"271":{"start":{"line":272,"column":0},"end":{"line":272,"column":18}},"272":{"start":{"line":273,"column":0},"end":{"line":273,"column":5}},"273":{"start":{"line":274,"column":0},"end":{"line":274,"column":46}},"274":{"start":{"line":275,"column":0},"end":{"line":275,"column":61}},"275":{"start":{"line":276,"column":0},"end":{"line":276,"column":3}},"276":{"start":{"line":277,"column":0},"end":{"line":277,"column":0}},"277":{"start":{"line":278,"column":0},"end":{"line":278,"column":5}},"278":{"start":{"line":279,"column":0},"end":{"line":279,"column":26}},"279":{"start":{"line":280,"column":0},"end":{"line":280,"column":5}},"280":{"start":{"line":281,"column":0},"end":{"line":281,"column":78}},"281":{"start":{"line":282,"column":0},"end":{"line":282,"column":22}},"282":{"start":{"line":283,"column":0},"end":{"line":283,"column":32}},"283":{"start":{"line":284,"column":0},"end":{"line":284,"column":31}},"284":{"start":{"line":285,"column":0},"end":{"line":285,"column":7}},"285":{"start":{"line":286,"column":0},"end":{"line":286,"column":0}},"286":{"start":{"line":287,"column":0},"end":{"line":287,"column":31}},"287":{"start":{"line":288,"column":0},"end":{"line":288,"column":40}},"288":{"start":{"line":289,"column":0},"end":{"line":289,"column":36}},"289":{"start":{"line":290,"column":0},"end":{"line":290,"column":27}},"290":{"start":{"line":291,"column":0},"end":{"line":291,"column":50}},"291":{"start":{"line":292,"column":0},"end":{"line":292,"column":9}},"292":{"start":{"line":293,"column":0},"end":{"line":293,"column":6}},"293":{"start":{"line":294,"column":0},"end":{"line":294,"column":3}},"294":{"start":{"line":295,"column":0},"end":{"line":295,"column":0}},"295":{"start":{"line":296,"column":0},"end":{"line":296,"column":5}},"296":{"start":{"line":297,"column":0},"end":{"line":297,"column":26}},"297":{"start":{"line":298,"column":0},"end":{"line":298,"column":5}},"298":{"start":{"line":299,"column":0},"end":{"line":299,"column":41}},"299":{"start":{"line":300,"column":0},"end":{"line":300,"column":50}},"300":{"start":{"line":301,"column":0},"end":{"line":301,"column":24}},"301":{"start":{"line":302,"column":0},"end":{"line":302,"column":34}},"302":{"start":{"line":303,"column":0},"end":{"line":303,"column":33}},"303":{"start":{"line":304,"column":0},"end":{"line":304,"column":9}},"304":{"start":{"line":305,"column":0},"end":{"line":305,"column":7}},"305":{"start":{"line":306,"column":0},"end":{"line":306,"column":3}},"306":{"start":{"line":307,"column":0},"end":{"line":307,"column":0}},"307":{"start":{"line":308,"column":0},"end":{"line":308,"column":5}},"308":{"start":{"line":309,"column":0},"end":{"line":309,"column":55}},"309":{"start":{"line":310,"column":0},"end":{"line":310,"column":5}},"310":{"start":{"line":311,"column":0},"end":{"line":311,"column":43}},"311":{"start":{"line":312,"column":0},"end":{"line":312,"column":27}},"312":{"start":{"line":313,"column":0},"end":{"line":313,"column":3}},"313":{"start":{"line":314,"column":0},"end":{"line":314,"column":0}},"314":{"start":{"line":315,"column":0},"end":{"line":315,"column":5}},"315":{"start":{"line":316,"column":0},"end":{"line":316,"column":54}},"316":{"start":{"line":317,"column":0},"end":{"line":317,"column":5}},"317":{"start":{"line":318,"column":0},"end":{"line":318,"column":71}},"318":{"start":{"line":319,"column":0},"end":{"line":319,"column":0}},"319":{"start":{"line":320,"column":0},"end":{"line":320,"column":5}},"320":{"start":{"line":321,"column":0},"end":{"line":321,"column":50}},"321":{"start":{"line":322,"column":0},"end":{"line":322,"column":5}},"322":{"start":{"line":323,"column":0},"end":{"line":323,"column":67}},"323":{"start":{"line":324,"column":0},"end":{"line":324,"column":27}},"324":{"start":{"line":325,"column":0},"end":{"line":325,"column":3}},"325":{"start":{"line":326,"column":0},"end":{"line":326,"column":0}},"326":{"start":{"line":327,"column":0},"end":{"line":327,"column":5}},"327":{"start":{"line":328,"column":0},"end":{"line":328,"column":48}},"328":{"start":{"line":329,"column":0},"end":{"line":329,"column":5}},"329":{"start":{"line":330,"column":0},"end":{"line":330,"column":46}},"330":{"start":{"line":331,"column":0},"end":{"line":331,"column":27}},"331":{"start":{"line":332,"column":0},"end":{"line":332,"column":3}},"332":{"start":{"line":333,"column":0},"end":{"line":333,"column":1}}},"s":{"0":1,"1":1,"2":1,"3":1,"4":1,"5":1,"6":1,"7":1,"8":1,"9":1,"10":1,"11":1,"12":1,"13":1,"14":1,"15":1,"16":1,"17":1,"18":1,"19":1,"20":1,"21":1,"22":3,"23":3,"24":3,"25":3,"26":3,"27":3,"28":3,"29":3,"30":1,"31":1,"32":1,"33":1,"34":1,"35":1,"36":1,"37":1,"38":1,"39":1,"40":1,"41":1,"42":1,"43":1,"44":1,"45":1,"46":1,"47":1,"48":1,"49":1,"50":1,"51":1,"52":1,"53":1,"54":1,"55":1,"56":1,"57":1,"58":1,"59":1,"60":1,"61":43,"62":43,"63":43,"64":43,"65":43,"66":43,"67":43,"68":43,"69":43,"70":43,"71":43,"72":43,"73":43,"74":43,"75":43,"76":43,"77":43,"78":43,"79":43,"80":43,"81":43,"82":43,"83":43,"84":43,"85":43,"86":43,"87":43,"88":43,"89":43,"90":43,"91":43,"92":43,"93":43,"94":43,"95":43,"96":43,"97":17,"98":17,"99":17,"100":15,"101":15,"102":15,"103":15,"104":15,"105":15,"106":15,"107":15,"108":15,"109":14,"110":14,"111":14,"112":14,"113":14,"114":14,"115":14,"116":14,"117":14,"118":14,"119":14,"120":14,"121":14,"122":14,"123":14,"124":15,"125":1,"126":1,"127":1,"128":1,"129":1,"130":1,"131":1,"132":1,"133":1,"134":1,"135":1,"136":1,"137":1,"138":1,"139":1,"140":1,"141":1,"142":1,"143":1,"144":1,"145":1,"146":17,"147":17,"148":43,"149":43,"150":43,"151":43,"152":43,"153":11,"154":11,"155":11,"156":11,"157":11,"158":11,"159":11,"160":11,"161":11,"162":11,"163":11,"164":11,"165":11,"166":11,"167":11,"168":11,"169":11,"170":43,"171":43,"172":43,"173":43,"174":43,"175":34,"176":34,"177":34,"178":34,"179":34,"180":43,"181":43,"182":43,"183":43,"184":43,"185":47,"186":47,"187":43,"188":43,"189":43,"190":43,"191":43,"192":2,"193":2,"194":43,"195":43,"196":43,"197":43,"198":43,"199":2,"200":2,"201":43,"202":43,"203":43,"204":43,"205":43,"206":3,"207":3,"208":3,"209":3,"210":3,"211":3,"212":3,"213":3,"214":3,"215":43,"216":43,"217":43,"218":43,"219":43,"220":179,"221":179,"222":179,"223":179,"224":179,"225":179,"226":179,"227":179,"228":43,"229":43,"230":43,"231":43,"232":43,"233":15,"234":15,"235":15,"236":15,"237":15,"238":15,"239":15,"240":19,"241":19,"242":19,"243":5,"244":5,"245":5,"246":4,"247":4,"248":4,"249":4,"250":4,"251":5,"252":19,"253":1,"254":1,"255":15,"256":43,"257":43,"258":43,"259":43,"260":43,"261":4,"262":4,"263":4,"264":4,"265":4,"266":4,"267":4,"268":4,"269":43,"270":43,"271":43,"272":43,"273":43,"274":4,"275":4,"276":43,"277":43,"278":43,"279":43,"280":43,"281":1,"282":1,"283":1,"284":1,"285":1,"286":1,"287":1,"288":1,"289":1,"290":1,"291":1,"292":1,"293":1,"294":43,"295":43,"296":43,"297":43,"298":43,"299":43,"300":0,"301":0,"302":0,"303":0,"304":43,"305":43,"306":43,"307":43,"308":43,"309":43,"310":43,"311":43,"312":43,"313":43,"314":43,"315":43,"316":43,"317":43,"318":43,"319":43,"320":43,"321":43,"322":43,"323":11,"324":11,"325":43,"326":43,"327":43,"328":43,"329":43,"330":34,"331":34,"332":43},"branchMap":{"0":{"type":"branch","line":22,"loc":{"start":{"line":22,"column":2},"end":{"line":30,"column":3}},"locations":[{"start":{"line":22,"column":2},"end":{"line":30,"column":3}}]},"1":{"type":"branch","line":61,"loc":{"start":{"line":61,"column":50},"end":{"line":333,"column":1}},"locations":[{"start":{"line":61,"column":50},"end":{"line":333,"column":1}}]},"2":{"type":"branch","line":68,"loc":{"start":{"line":68,"column":2},"end":{"line":81,"column":3}},"locations":[{"start":{"line":68,"column":2},"end":{"line":81,"column":3}}]},"3":{"type":"branch","line":86,"loc":{"start":{"line":86,"column":2},"end":{"line":92,"column":3}},"locations":[{"start":{"line":86,"column":2},"end":{"line":92,"column":3}}]},"4":{"type":"branch","line":87,"loc":{"start":{"line":87,"column":37},"end":{"line":91,"column":5}},"locations":[{"start":{"line":87,"column":37},"end":{"line":91,"column":5}}]},"5":{"type":"branch","line":97,"loc":{"start":{"line":97,"column":2},"end":{"line":148,"column":3}},"locations":[{"start":{"line":97,"column":2},"end":{"line":148,"column":3}}]},"6":{"type":"branch","line":100,"loc":{"start":{"line":100,"column":57},"end":{"line":147,"column":5}},"locations":[{"start":{"line":100,"column":57},"end":{"line":147,"column":5}}]},"7":{"type":"branch","line":109,"loc":{"start":{"line":109,"column":79},"end":{"line":125,"column":15}},"locations":[{"start":{"line":109,"column":79},"end":{"line":125,"column":15}}]},"8":{"type":"branch","line":125,"loc":{"start":{"line":125,"column":6},"end":{"line":146,"column":7}},"locations":[{"start":{"line":125,"column":6},"end":{"line":146,"column":7}}]},"9":{"type":"branch","line":126,"loc":{"start":{"line":126,"column":44},"end":{"line":126,"column":65}},"locations":[{"start":{"line":126,"column":44},"end":{"line":126,"column":65}}]},"10":{"type":"branch","line":127,"loc":{"start":{"line":127,"column":41},"end":{"line":127,"column":65}},"locations":[{"start":{"line":127,"column":41},"end":{"line":127,"column":65}}]},"11":{"type":"branch","line":130,"loc":{"start":{"line":130,"column":35},"end":{"line":130,"column":53}},"locations":[{"start":{"line":130,"column":35},"end":{"line":130,"column":53}}]},"12":{"type":"branch","line":109,"loc":{"start":{"line":109,"column":53},"end":{"line":109,"column":79}},"locations":[{"start":{"line":109,"column":53},"end":{"line":109,"column":79}}]},"13":{"type":"branch","line":153,"loc":{"start":{"line":153,"column":2},"end":{"line":170,"column":3}},"locations":[{"start":{"line":153,"column":2},"end":{"line":170,"column":3}}]},"14":{"type":"branch","line":154,"loc":{"start":{"line":154,"column":39},"end":{"line":169,"column":5}},"locations":[{"start":{"line":154,"column":39},"end":{"line":169,"column":5}}]},"15":{"type":"branch","line":175,"loc":{"start":{"line":175,"column":2},"end":{"line":180,"column":3}},"locations":[{"start":{"line":175,"column":2},"end":{"line":180,"column":3}}]},"16":{"type":"branch","line":176,"loc":{"start":{"line":176,"column":40},"end":{"line":179,"column":5}},"locations":[{"start":{"line":176,"column":40},"end":{"line":179,"column":5}}]},"17":{"type":"branch","line":185,"loc":{"start":{"line":185,"column":2},"end":{"line":187,"column":3}},"locations":[{"start":{"line":185,"column":2},"end":{"line":187,"column":3}}]},"18":{"type":"branch","line":186,"loc":{"start":{"line":186,"column":34},"end":{"line":186,"column":78}},"locations":[{"start":{"line":186,"column":34},"end":{"line":186,"column":78}}]},"19":{"type":"branch","line":192,"loc":{"start":{"line":192,"column":2},"end":{"line":194,"column":3}},"locations":[{"start":{"line":192,"column":2},"end":{"line":194,"column":3}}]},"20":{"type":"branch","line":199,"loc":{"start":{"line":199,"column":2},"end":{"line":201,"column":3}},"locations":[{"start":{"line":199,"column":2},"end":{"line":201,"column":3}}]},"21":{"type":"branch","line":206,"loc":{"start":{"line":206,"column":12},"end":{"line":215,"column":3}},"locations":[{"start":{"line":206,"column":12},"end":{"line":215,"column":3}}]},"22":{"type":"branch","line":220,"loc":{"start":{"line":220,"column":12},"end":{"line":228,"column":3}},"locations":[{"start":{"line":220,"column":12},"end":{"line":228,"column":3}}]},"23":{"type":"branch","line":233,"loc":{"start":{"line":233,"column":2},"end":{"line":256,"column":3}},"locations":[{"start":{"line":233,"column":2},"end":{"line":256,"column":3}}]},"24":{"type":"branch","line":240,"loc":{"start":{"line":240,"column":57},"end":{"line":253,"column":5}},"locations":[{"start":{"line":240,"column":57},"end":{"line":253,"column":5}}]},"25":{"type":"branch","line":243,"loc":{"start":{"line":243,"column":6},"end":{"line":252,"column":7}},"locations":[{"start":{"line":243,"column":6},"end":{"line":252,"column":7}}]},"26":{"type":"branch","line":244,"loc":{"start":{"line":244,"column":45},"end":{"line":244,"column":78}},"locations":[{"start":{"line":244,"column":45},"end":{"line":244,"column":78}}]},"27":{"type":"branch","line":246,"loc":{"start":{"line":246,"column":31},"end":{"line":251,"column":9}},"locations":[{"start":{"line":246,"column":31},"end":{"line":251,"column":9}}]},"28":{"type":"branch","line":253,"loc":{"start":{"line":253,"column":4},"end":{"line":255,"column":20}},"locations":[{"start":{"line":253,"column":4},"end":{"line":255,"column":20}}]},"29":{"type":"branch","line":261,"loc":{"start":{"line":261,"column":12},"end":{"line":269,"column":3}},"locations":[{"start":{"line":261,"column":12},"end":{"line":269,"column":3}}]},"30":{"type":"branch","line":274,"loc":{"start":{"line":274,"column":12},"end":{"line":276,"column":3}},"locations":[{"start":{"line":274,"column":12},"end":{"line":276,"column":3}}]},"31":{"type":"branch","line":275,"loc":{"start":{"line":275,"column":23},"end":{"line":275,"column":59}},"locations":[{"start":{"line":275,"column":23},"end":{"line":275,"column":59}}]},"32":{"type":"branch","line":281,"loc":{"start":{"line":281,"column":12},"end":{"line":294,"column":3}},"locations":[{"start":{"line":281,"column":12},"end":{"line":294,"column":3}}]},"33":{"type":"branch","line":299,"loc":{"start":{"line":299,"column":12},"end":{"line":306,"column":3}},"locations":[{"start":{"line":299,"column":12},"end":{"line":306,"column":3}}]},"34":{"type":"branch","line":311,"loc":{"start":{"line":311,"column":2},"end":{"line":313,"column":3}},"locations":[{"start":{"line":311,"column":2},"end":{"line":313,"column":3}}]},"35":{"type":"branch","line":323,"loc":{"start":{"line":323,"column":2},"end":{"line":325,"column":3}},"locations":[{"start":{"line":323,"column":2},"end":{"line":325,"column":3}}]},"36":{"type":"branch","line":330,"loc":{"start":{"line":330,"column":2},"end":{"line":332,"column":3}},"locations":[{"start":{"line":330,"column":2},"end":{"line":332,"column":3}}]}},"b":{"0":[3],"1":[43],"2":[43],"3":[43],"4":[43],"5":[17],"6":[15],"7":[14],"8":[1],"9":[0],"10":[0],"11":[0],"12":[19],"13":[11],"14":[11],"15":[34],"16":[34],"17":[47],"18":[46],"19":[2],"20":[2],"21":[3],"22":[179],"23":[15],"24":[19],"25":[5],"26":[0],"27":[4],"28":[1],"29":[4],"30":[4],"31":[4],"32":[1],"33":[43],"34":[43],"35":[11],"36":[34]},"fnMap":{"0":{"name":"AgentError","decl":{"start":{"line":22,"column":2},"end":{"line":30,"column":3}},"loc":{"start":{"line":22,"column":2},"end":{"line":30,"column":3}},"line":22},"1":{"name":"<instance_members_initializer>","decl":{"start":{"line":61,"column":50},"end":{"line":333,"column":1}},"loc":{"start":{"line":61,"column":50},"end":{"line":333,"column":1}},"line":61},"2":{"name":"BaseAgent","decl":{"start":{"line":68,"column":2},"end":{"line":81,"column":3}},"loc":{"start":{"line":68,"column":2},"end":{"line":81,"column":3}},"line":68},"3":{"name":"init","decl":{"start":{"line":86,"column":2},"end":{"line":92,"column":3}},"loc":{"start":{"line":86,"column":2},"end":{"line":92,"column":3}},"line":86},"4":{"name":"analyze","decl":{"start":{"line":97,"column":2},"end":{"line":148,"column":3}},"loc":{"start":{"line":97,"column":2},"end":{"line":148,"column":3}},"line":97},"5":{"name":"report","decl":{"start":{"line":153,"column":2},"end":{"line":170,"column":3}},"loc":{"start":{"line":153,"column":2},"end":{"line":170,"column":3}},"line":153},"6":{"name":"cleanup","decl":{"start":{"line":175,"column":2},"end":{"line":180,"column":3}},"loc":{"start":{"line":175,"column":2},"end":{"line":180,"column":3}},"line":175},"7":{"name":"isAvailable","decl":{"start":{"line":185,"column":2},"end":{"line":187,"column":3}},"loc":{"start":{"line":185,"column":2},"end":{"line":187,"column":3}},"line":185},"8":{"name":"getStatus","decl":{"start":{"line":192,"column":2},"end":{"line":194,"column":3}},"loc":{"start":{"line":192,"column":2},"end":{"line":194,"column":3}},"line":192},"9":{"name":"getState","decl":{"start":{"line":199,"column":2},"end":{"line":201,"column":3}},"loc":{"start":{"line":199,"column":2},"end":{"line":201,"column":3}},"line":199},"10":{"name":"updateProgress","decl":{"start":{"line":206,"column":12},"end":{"line":215,"column":3}},"loc":{"start":{"line":206,"column":12},"end":{"line":215,"column":3}},"line":206},"11":{"name":"updateState","decl":{"start":{"line":220,"column":12},"end":{"line":228,"column":3}},"loc":{"start":{"line":220,"column":12},"end":{"line":228,"column":3}},"line":220},"12":{"name":"executeWithRetry","decl":{"start":{"line":233,"column":2},"end":{"line":256,"column":3}},"loc":{"start":{"line":233,"column":2},"end":{"line":256,"column":3}},"line":233},"13":{"name":"calculateBackoff","decl":{"start":{"line":261,"column":12},"end":{"line":269,"column":3}},"loc":{"start":{"line":261,"column":12},"end":{"line":269,"column":3}},"line":261},"14":{"name":"sleep","decl":{"start":{"line":274,"column":12},"end":{"line":276,"column":3}},"loc":{"start":{"line":274,"column":12},"end":{"line":276,"column":3}},"line":274},"15":{"name":"handleAnalysisError","decl":{"start":{"line":281,"column":12},"end":{"line":294,"column":3}},"loc":{"start":{"line":281,"column":12},"end":{"line":294,"column":3}},"line":281},"16":{"name":"setupLifecycleHooks","decl":{"start":{"line":299,"column":12},"end":{"line":306,"column":3}},"loc":{"start":{"line":299,"column":12},"end":{"line":306,"column":3}},"line":299},"17":{"name":"doInit","decl":{"start":{"line":311,"column":2},"end":{"line":313,"column":3}},"loc":{"start":{"line":311,"column":2},"end":{"line":313,"column":3}},"line":311},"18":{"name":"doReport","decl":{"start":{"line":323,"column":2},"end":{"line":325,"column":3}},"loc":{"start":{"line":323,"column":2},"end":{"line":325,"column":3}},"line":323},"19":{"name":"doCleanup","decl":{"start":{"line":330,"column":2},"end":{"line":332,"column":3}},"loc":{"start":{"line":330,"column":2},"end":{"line":332,"column":3}},"line":330}},"f":{"0":3,"1":43,"2":43,"3":43,"4":17,"5":11,"6":34,"7":47,"8":2,"9":2,"10":3,"11":179,"12":15,"13":4,"14":4,"15":1,"16":43,"17":43,"18":11,"19":34}}
,"/home/user/OmniAudit/packages/core/src/agent/lifecycle.ts": {"path":"/home/user/OmniAudit/packages/core/src/agent/lifecycle.ts","all":false,"statementMap":{"0":{"start":{"line":1,"column":0},"end":{"line":1,"column":3}},"1":{"start":{"line":2,"column":0},"end":{"line":2,"column":29}},"2":{"start":{"line":3,"column":0},"end":{"line":3,"column":42}},"3":{"start":{"line":4,"column":0},"end":{"line":4,"column":3}},"4":{"start":{"line":5,"column":0},"end":{"line":5,"column":0}},"5":{"start":{"line":6,"column":0},"end":{"line":6,"column":66}},"6":{"start":{"line":7,"column":0},"end":{"line":7,"column":54}},"7":{"start":{"line":8,"column":0},"end":{"line":8,"column":0}},"8":{"start":{"line":9,"column":0},"end":{"line":9,"column":3}},"9":{"start":{"line":10,"column":0},"end":{"line":10,"column":34}},"10":{"start":{"line":11,"column":0},"end":{"line":11,"column":3}},"11":{"start":{"line":12,"column":0},"end":{"line":12,"column":28}},"12":{"start":{"line":13,"column":0},"end":{"line":13,"column":22}},"13":{"start":{"line":14,"column":0},"end":{"line":14,"column":32}},"14":{"start":{"line":15,"column":0},"end":{"line":15,"column":18}},"15":{"start":{"line":16,"column":0},"end":{"line":16,"column":26}},"16":{"start":{"line":17,"column":0},"end":{"line":17,"column":26}},"17":{"start":{"line":18,"column":0},"end":{"line":18,"column":30}},"18":{"start":{"line":19,"column":0},"end":{"line":19,"column":24}},"19":{"start":{"line":20,"column":0},"end":{"line":20,"column":18}},"20":{"start":{"line":21,"column":0},"end":{"line":21,"column":1}},"21":{"start":{"line":22,"column":0},"end":{"line":22,"column":0}},"22":{"start":{"line":23,"column":0},"end":{"line":23,"column":3}},"23":{"start":{"line":24,"column":0},"end":{"line":24,"column":18}},"24":{"start":{"line":25,"column":0},"end":{"line":25,"column":3}},"25":{"start":{"line":26,"column":0},"end":{"line":26,"column":33}},"26":{"start":{"line":27,"column":0},"end":{"line":27,"column":24}},"27":{"start":{"line":28,"column":0},"end":{"line":28,"column":18}},"28":{"start":{"line":29,"column":0},"end":{"line":29,"column":16}},"29":{"start":{"line":30,"column":0},"end":{"line":30,"column":1}},"30":{"start":{"line":31,"column":0},"end":{"line":31,"column":0}},"31":{"start":{"line":32,"column":0},"end":{"line":32,"column":3}},"32":{"start":{"line":33,"column":0},"end":{"line":33,"column":26}},"33":{"start":{"line":34,"column":0},"end":{"line":34,"column":2}},"34":{"start":{"line":35,"column":0},"end":{"line":35,"column":46}},"35":{"start":{"line":36,"column":0},"end":{"line":36,"column":36}},"36":{"start":{"line":37,"column":0},"end":{"line":37,"column":56}},"37":{"start":{"line":38,"column":0},"end":{"line":38,"column":36}},"38":{"start":{"li
[...]
,"/home/user/OmniAudit/packages/core/src/complexity/scorers/dependencies.ts": {"path":"/home/user/OmniAudit/packages/core/src/complexity/scorers/dependencies.ts","all":false,"statementMap":{"0":{"start":{"line":1,"column":0},"end":{"line":1,"column":3}},"1":{"start":{"line":2,"column":0},"end":{"line":2,"column":37}},"2":{"start":{"line":3,"column":0},"end":{"line":3,"column":58}},"3":{"start":{"line":4,"column":0},"end":{"line":4,"column":3}},"4":{"start":{"line":5,"column":0},"end":{"line":5,"column":0}},"5":{"start":{"line":6,"column":0},"end":{"line":6,"column":48}},"6":{"start":{"line":7,"column":0},"end":{"line":7,"column":0}},"7":{"start":{"line":8,"column":0},"end":{"line":8,"column":3}},"8":{"start":{"line":9,"column":0},"end":{"line":9,"column":56}},"9":{"start":{"line":10,"column":0},"end":{"line":10,"column":2}},"10":{"start":{"line":11,"column":0},"end":{"line":11,"column":34}},"11":{"start":{"line":12,"column":0},"end":{"line":12,"column":34}},"12":{"start":{"line":13,"column":0},"end":{"line":13,"column":37}},"13":{"start":{"line":14,"column":0},"end":{"line":14,"column":49}},"14":{"start":{"line":15,"column":0},"end":{"line":15,"column":17}},"15":{"start":{"line":16,"column":0},"end":{"line":16,"column":15}},"16":{"start":{"line":17,"column":0},"end":{"line":17,"column":24}},"17":{"start":{"line":18,"column":0},"end":{"line":18,"column":2}},"18":{"start":{"line":19,"column":0},"end":{"line":19,"column":17}},"19":{"start":{"line":20,"column":0},"end":{"line":20,"column":25}},"20":{"start":{"line":21,"column":0},"end":{"line":21,"column":27}},"21":{"start":{"line":22,"column":0},"end":{"line":22,"column":28}},"22":{"start":{"line":23,"column":0},"end":{"line":23,"column":28}},"23":{"start":{"line":24,"column":0},"end":{"line":24,"column":26}},"24":{"start":{"line":25,"column":0},"end":{"line":25,"column":2}},"25":{"start":{"line":26,"column":0},"end":{"line":26,"column":30}},"26":{"start":{"line":27,"column":0},"end":{"line":27,"column":50}},"27":{"start":{"line":28,"column":0},"end":{"line":28,"column":49}},"28":{"start":{"line":29,"column":0},"end":{"line":29,"column":3}},"29":{"start":{"line":30,"column":0},"end":{"line":30,"column":87}},"30":{"start":{"line":31,"column":0},"end":{"line":31,"column":26}},"31":{"start":{"line":32,"column":0},"end":{"line":32,"column":0}},"32":{"start":{"line":33,"column":0},"end":{"line":33,"column":16}},"33":{"start":{"line":34,"column":0},"end":{"line":34,"column":75}},"34":{"start":{"line":35,"column":0},"end":{"line":35,"column":56}},"35":{"start":{"line":36,"column":0},"end":{"line":36,"column":0}},"36":{"start":{"line":37,"column":0},"end":{"line":37,"column":22}},"37":{"start":{"line":38,"column":0},"end":{"line":38,"column":78}},"38":{"start":{"line":39,"column":0},"end":{"line":39,"column":64}},"39":{"start":{"line":40,"column":0},"end":{"line":40,"column":0}},"40":{"start":{"line":41,"column":0},"end":{"line":41,"column":19}},"41":{"start":{"line":42,"column":0},"end":{"line":42,"column":81}},"42":{"start":{"line":43,"column":0},"end":{"line":43,"column":62}},"43":{"start":{"line":44,"column":0},"end":{"line":44,"column":0}},"44":{"start":{"line":45,"column":0},"end":{"line":45,"column":17}},"45":{"start":{"line":46,"column":0},"end":{"line":46,"column":59}},"46":{"start":{"line":47,"column":0},"end":{"line":47,"column":58}},"47":{"start":{"line":48,"column":0},"end":{"line":48,"column":0}},"48":{"start":{"line":49,"column":0},"end":{"line":49,"column":15}},"49":{"start":{"line":50,"column":0},"end":{"line":50,"column":67}},"50":{"start":{"line":51,"column":0},"end":{"line":51,"column":18}},"51":{"start":{"line":52,"column":0},"end":{"line":52,"column":52}},"52":{"start":{"line":53,"column":0},"end":{"line":53,"column":36}},"53":{"start":{"line":54,"column":0},"end":{"line":54,"column":54}},"54":{"start":{"line":55,"column":0},"end":{"line":55,"column":54}},"55":{"start":{"line":56,"column":0},"end":{"line":56,"column":5}},"56":{"start":{"line":57,"column":0},"end":{"line":57,"column":3}},"57":{"start":{"line":58,"column":0},"end":{"line":58,"column":0}},"58":{"start":{"line":59,"column":0},"end":{"line":59,"column":22}},"59":{"start":{"line":60,"column":0},"end":{"line":60,"column":71}},"60":{"start":{"line":61,"column":0},"end":{"line":61,"column":66}},"61":{"start":{"line":62,"column":0},"end":{"line":62,"column":0}},"62":{"start":{"line":63,"column":0},"end":{"line":63,"column":24}},"63":{"start":{"line":64,"column":0},"end":{"line":64,"column":51}},"64":{"start":{"line":65,"column":0},"end":{"line":65,"column":50}},"65":{"start":{"line":66,"column":0},"end":{"line":66,"column":0}},"66":{"start":{"line":67,"column":0},"end":{"line":67,"column":25}},"67":{"start":{"line":68,"column":0},"end":{"line":68,"column":24}},"68":{"start":{"line":69,"column":0},"end":{"line":69,"column":29}},"69":{"start":{"line":70,"column":0},"end":{"line":70,"column":18}},"70":{"start":{"line":71,"column":0},"end":{"line":71,"column":37}},"71":{"start":{"line":72,"column":0},"end":{"line":72,"column":18}},"72":{"start":{"line":73,"column":0},"end":{"line":73,"column":37}},"73":{"start":{"line":74,"column":0},"end":{"line":74,"column":18}},"74":{"start":{"line":75,"column":0},"end":{"line":75,"column":37}},"75":{"start":{"line":76,"column":0},"end":{"line":76,"column":18}},"76":{"start":{"line":77,"column":0},"end":{"line":77,"column":10}},"77":{"start":{"line":78,"column":0},"end":{"line":78,"column":18}},"78":{"start":{"line":79,"column":0},"end":{"line":79,"column":3}},"79":{"start":{"line":80,"column":0},"end":{"line":80,"column":0}},"80":{"start":{"line":81,"column":0},"end":{"line":81,"column":10}},"81":{"start":{"line":82,"column":0},"end":{"line":82,"column":25}},"82":{"start":{"line":83,"column":0},"end":{"line":83,"column":21}},"83":{"start":{"line":84,"column":0},"end":{"line":84,"column":11}},"84":{"start":{"line":85,"column":0},"end":{"line":85,"column":15}},"85":{"start":{"line":86,"column":0},"end":{"line":86,"column":41}},"86":{"start":{"line":87,"column":0},"end":{"line":87,"column":42}},"87":{"start":{"line":88,"column":0},"end":{"line":88,"column":52}},"88":{"start":{"line":89,"column":0},"end":{"line":89,"column":6}},"89":{"start":{"line":90,"column":0},"end":{"line":90,"column":4}},"90":{"start":{"line":91,"column":0},"end":{"line":91,"column":1}}},"s":{"0":1,"1":1,"2":1,"3":1,"4":1,"5":1,"6":1,"7":1,"8":1,"9":1,"10":1,"11":1,"12":1,"13":1,"14":1,"15":1,"16":1,"17":1,"18":1,"19":1,"20":1,"21":1,"22":1,"23":1,"24":1,"25":1,"26":1,"27":1,"28":1,"29":1,"30":11,"31":11,"32":11,"33":11,"34":11,"35":11,"36":11,"37":11,"38":11,"39":11,"40":11,"41":11,"42":11,"43":11,"44":11,"45":11,"46":11,"47":11,"48":11,"49":11,"50":11,"51":0,"52":0,"53":0,"54":0,"55":0,"56":0,"57":11,"58":11,"59":11,"60":11,"61":11,"62":11,"63":11,"64":11,"65":11,"66":11,"67":11,"68":11,"69":10,"70":11,"71":0,"72":1,"73":1,"74":1,"75":0,"76":0,"77":0,"78":0,"79":11,"80":11,"81":11,"82":11,"83":11,"84":11,"85":11,"86":11,"87":11,"88":11,"89":11,"90":11},"branchMap":{"0":{"type":"branch","line":30,"loc":{"start":{"line":30,"column":7},"end":{"line":91,"column":1}},"locations":[{"start":{"line":30,"column":7},"end":{"line":91,"column":1}}]},"1":{"type":"branch","line":35,"loc":{"start":{"line":35,"column":21},"end":{"line":35,"column":54}},"locations":[{"start":{"line":35,"column":21},"end":{"line":35,"column":54}}]},"2":{"type":"branch","line":35,"loc":{"start":{"line":35,"column":45},"end":{"line":35,"column":56}},"locations":[{"start":{"line":35,"column":45},"end":{"line":35,"column":56}}]},"3":{"type":"branch","line":39,"loc":{"start":{"line":39,"column":21},"end":{"line":39,"column":62}},"locations":[{"start":{"line":39,"column":21},"end":{"line":39,"column":62}}]},"4":{"type":"branch","line":39,"loc":{"start":{"line":39,"column":53},"end":{"line":39,"column":64}},"locations":[{"start":{"line":39,"column":53},"end":{"line":39,"column":64}}]},"5":{"type":"branch","line":43,"loc":{"start":{"line":43,"column":21},"end":{"line":43,"column":60}},"locations":[{"start":{"line":43,"column":21},"end":{"line":43,"column":60}}]},"6":{"type":"branch","line":43,"loc":{"start":{"line":43,"column":51},"end":{"line":43,"column":62}},"locations":[{"start":{"line":43,"column":51},"end":{"line":43,"column":62}}]},"7":{"type":"branch","line":47,"loc":{"start":{"line":47,"column":21},"end":{"line":47,"column":56}},"locations":[{"start":{"line":47,"column":21},"end":{"line":47,"column":56}}]},"8":{"type":"branch","line":51,"loc":{"start":{"line":51,"column":17},"end":{"line":57,"column":3}},"locations":[{"start":{"line":51,"column":17},"end":{"line":57,"column":3}}]},"9":{"type":"branch","line":61,"loc":{"start":{"line":61,"column":21},"end":{"line":61,"column":64}},"locations":[{"start":{"line":61,"column":21},"end":{"line":61,"column":64}}]},"10":{"type":"branch","line":65,"loc":{"start":{"line":65,"column":21},"end":{"line":65,"column":48}},"locations":[{"start":{"line":65,"column":21},"end":{"line":65,"column":48}}]},"11":{"type":"branch","line":69,"loc":{"start":{"line":69,"column":28},"end":{"line":71,"column":13}},"locations":[{"start":{"line":69,"column":28},"end":{"line":71,"column":13}}]},"12":{"type":"branch","line":71,"loc":{"start":{"line":71,"column":2},"end":{"line":79,"column":3}},"locations":[{"start":{"line":71,"column":2},"end":{"line":79,"column":3}}]},"13":{"type":"branch","line":71,"loc":{"start":{"line":71,"column":36},"end":{"line":73,"column":13}},"locations":[{"start":{"line":71,"column":36},"end":{"line":73,"column":13}}]},"14":{"type":"branch","line":75,"loc":{"start":{"line":75,"column":2},"end":{"line":79,"column":3}},"locations":[{"start":{"line":75,"column":2},"end":{"line":79,"column":3}}]},"15":{"type":"branch","line":87,"loc":{"start":{"line":87,"column":18},"end":{"line":87,"column":40}},"locations":[{"start":{"line":87,"column":18},"end":{"line":87,"column":40}}]},"16":{"type":"branch","line":87,"loc":{"start":{"line":87,"column":30},"end":{"line":87,"column":42}},"locations":[{"start":{"line":87,"column":30},"end":{"line":87,"column":42}}]},"17":{"type":"branch","line":88,"loc":{"start":{"line":88,"column":24},"end":{"line":88,"column":50}},"locations":[{"start":{"line":88,"column":24},"end":{"line":88,"column":50}}]},"18":{"type":"branch","line":88,"loc":{"start":{"line":88,"column":40},"end":{"line":88,"column":52}},"locations":[{"start":{"line":88,"column":40},"end":{"line":88,"column":52}}]}},"b":{"0":[11],"1":[3],"2":[8],"3":[1],"4":[10],"5":[1],"6":[10],"7":[0],"8":[0],"9":[0],"10":[0],"11":[10],"12":[1],"13":[0],"14":[0],"15":[3],"16":[8],"17":[1],"18":[10]},"fnMap":{"0":{"name":"calculateDependencyScore","decl":{"start":{"line":30,"column":7},"end":{"line":91,"column":1}},"loc":{"start":{"line":30,"column":7},"end":{"line":91,"column":1}},"line":30}},"f":{"0":11}}
,"/home/user/OmniAudit/packages/core/src/complexity/scorers/loc.ts": {"path":"/home/user/OmniAudit/packages/core/src/complexity/scorers/loc.ts","all":false,"statementMap":{"0":{"start":{"line":1,"column":0},"end":{"line":1,"column":3}},"1":{"start":{"line":2,"column":0},"end":{"line":2,"column":40}},"2":{"start":{"line":3,"column":0},"end":{"line":3,"column":49}},"3":{"start":{"line":4,"column":0},"end":{"line":4,"column":3}},"4":{"start":{"line":5,"column":0},"end":{"line":5,"column":0}},"5":{"start":{"line":6,"column":0},"end":{"line":6,"column":48}},"6":{"start":{"line":7,"column":0},"end":{"line":7,"column":0}},"7":{"start":{"line":8,"column":0},"end":{"line":8,"column":3}},"8":{"start":{"line":9,"column":0},"end":{"line":9,"column":46}},"9":{"start":{"line":10,"column":0},"end":{"line":10,"column":2}},"10":{"start":{"line":11,"column":0},"end":{"line":11,"column":17}},"11":{"start":{"line":12,"column":0},"end":{"line":12,"column":25}},"12":{"start":{"line":13,"column":0},"end":{"line":13,"column":28}},"13":{"start":{"line":14,"column":0},"end":{"line":14,"column":28}},"14":{"start":{"line":15,"column":0},"end":{"line":15,"column":29}},"15":{"start":{"line":16,"column":0},"end":{"line":16,"column":26}},"16":{"start":{"line":17,"column":0},"end":{"line":17,"column":2}},"17":{"start":{"line":18,"column":0},"end":{"line":18,"column":30}},"18":{"start":{"line":19,"column":0},"end":{"line":19,"column":50}},"19":{"start":{"line":20,"column":0},"end":{"line":20,"column":42}},"20":{"start":{"line":21,"column":0},"end":{"line":21,"column":3}},"21":{"start":{"line":22,"column":0},"end":{"line":22,"column":80}},"22":{"start":{"line":23,"column":0},"end":{"line":23,"column":39}},"23":{"start":{"line":24,"column":0},"end":{"line":24,"column":36}},"24":{"start":{"line":25,"column":0},"end":{"line":25,"column":44}},"25":{"start":{"line":26,"column":0},"end":{"line":26,"column":32}},"26":{"start":{"line":27,"column":0},"end":{"line":27,"column":48}},"27":{"start":{"line":28,"column":0},"end":{"line":28,"column":12}},"28":{"start":{"line":29,"column":0},"end":{"line":29,"column":27}},"29":{"start":{"line":30,"column":0},"end":{"line":30,"column":34}},"30":{"start":{"line":31,"column":0},"end":{"line":31,"column":33}},"31":{"start":{"line":32,"column":0},"end":{"line":32,"column":33}},"32":{"start":{"line":33,"column":0},"end":{"line":33,"column":25}},"33":{"start":{"line":34,"column":0},"end":{"line":34,"column":22}},"34":{"start":{"line":35,"column":0},"end":{"line":35,"column":6}},"35":{"start":{"line":36,"column":0},"end":{"line":36,"column":5}},"36":{"start":{"line":37,"column":0},"end":{"line":37,"column":0}},"37":{"start":{"line":38,"column":0},"end":{"line":38,"column":31}},"38":{"start":{"line":39,"column":0},"end":{"line":39,"column":0}},"39":{"start":{"line":40,"column":0},"end":{"line":40,"column":38}},"40":{"start":{"line":41,"column":0},"end":{"line":41,"column":24}},"41":{"start":{"line":42,"column":0},"end":{"line":42,"column":19}},"42":{"start":{"line":43,"column":0},"end":{"line":43,"column":18}},"43":{"start":{"line":44,"column":0},"end":{"line":44,"column":26}},"44":{"start":{"line":45,"column":0},"end":{"line":45,"column":18}},"45":{"start":{"line":46,"column":0},"end":{"line":46,"column":26}},"46":{"start":{"line":47,"column":0},"end":{"line":47,"column":18}},"47":{"start":{"line":48,"column":0},"end":{"line":48,"column":27}},"48":{"start":{"line":49,"column":0},"end":{"line":49,"column":18}},"49":{"start":{"line":50,"column":0},"end":{"line":50,"column":10}},"50":{"start":{"line":51,"column":0},"end":{"line":51,"column":18}},"51":{"start":{"line":52,"column":0},"end":{"line":52,"column":3}},"52":{"start":{"line":53,"column":0},"end":{"line":53,"column":0}},"53":{"start":{"line":54,"column":0},"end":{"line":54,"column":10}},"54":{"start":{"line":55,"column":0},"end":{"line":55,"column":16}},"55":{"start":{"line":56,"column":0},"end":{"line":56,"column":21}},"56":{"start":{"line":57,"column":0},"end":{"line":57,"column":11}},"57":{"start":{"line":58,"column":0},"end":{"line":58,"column":15}},"58":{"start":{"line":59,"column":0},"end":{"line":59,"column":31}},"59":{"start":{"line":60,"column":0},"end":{"line":60,"column":21}},"60":{"start":{"line":61,"column":0},"end":{"line":61,"column":37}},"61":{"start":{"line":62,"column":0},"end":{"line":62,"column":6}},"62":{"start":{"line":63,"column":0},"end":{"line":63,"column":4}},"63":{"start":{"line":64,"column":0},"end":{"line":64,"column":1}}},"s":{"0":1,"1":1,"2":1,"3":1,"4":1,"5":1,"6":1,"7":1,"8":1,"9":1,"10":1,"11":1,"12":1,"13":1,"14":1,"15":1,"16":1,"17":1,"18":1,"19":1,"20":1,"21":1,"22":12,"23":12,"24":12,"25":770,"26":770,"27":770,"28":770,"29":768,"30":766,"31":766,"32":766,"33":766,"34":770,"35":12,"36":12,"37":12,"38":12,"39":12,"40":12,"41":12,"42":10,"43":12,"44":1,"45":1,"46":0,"47":1,"48":1,"49":1,"50":0,"51":0,"52":12,"53":12,"54":12,"55":12,"56":12,"57":12,"58":12,"59":12,"60":12,"61":12,"62":12,"63":12},"branchMap":{"0":{"type":"branch","line":22,"loc":{"start":{"line":22,"column":7},"end":{"line":64,"column":1}},"locations":[{"start":{"line":22,"column":7},"end":{"line":64,"column":1}}]},"1":{"type":"branch","line":42,"loc":{"start":{"line":42,"column":18},"end":{"line":44,"column":13}},"locations":[{"start":{"line":42,"column":18},"end":{"line":44,"column":13}}]},"2":{"type":"branch","line":44,"loc":{"start":{"line":44,"column":2},"end":{"line":52,"column":3}},"locations":[{"start":{"line":44,"column":2},"end":{"line":52,"column":3}}]},"3":{"type":"branch","line":44,"loc":{"start":{"line":44,"column":25},"end":{"line":52,"column":3}},"locations":[{"start":{"line":44,"column":25},"end":{"line":52,"column":3}}]},"4":{"type":"branch","line":46,"loc":{"start":{"line":46,"column":25},"end":{"line":48,"column":13}},"locations":[{"start":{"line":46,"column":25},"end":{"line":48,"column":13}}]},"5":{"type":"branch","line":50,"loc":{"start":{"line":50,"column":2},"end":{"line":52,"column":3}},"locations":[{"start":{"line":50,"column":2},"end":{"line":52,"column":3}}]},"6":{"type":"branch","line":25,"loc":{"start":{"line":25,"column":33},"end":{"line":36,"column":3}},"locations":[{"start":{"line":25,"column":33},"end":{"line":36,"column":3}}]},"7":{"type":"branch","line":29,"loc":{"start":{"line":29,"column":23},"end":{"line":30,"column":34}},"locations":[{"start":{"line":29,"column":23},"end":{"line":30,"column":34}}]},"8":{"type":"branch","line":30,"loc":{"start":{"line":30,"column":30},"end":{"line":31,"column":33}},"locations":[{"start":{"line":30,"column":30},"end":{"line":31,"column":33}}]},"9":{"type":"branch","line":31,"loc":{"start":{"line":31,"column":29},"end":{"line":32,"column":33}},"locations":[{"start":{"line":31,"column":29},"end":{"line":32,"column":33}}]},"10":{"type":"branch","line":32,"loc":{"start":{"line":32,"column":29},"end":{"line":33,"column":25}},"locations":[{"start":{"line":32,"column":29},"end":{"line":33,"column":25}}]},"11":{"type":"branch","line":33,"loc":{"start":{"line":33,"column":18},"end":{"line":34,"column":22}},"locations":[{"start":{"line":33,"column":18},"end":{"line":34,"column":22}}]}},"b":{"0":[12],"1":[10],"2":[2],"3":[1],"4":[0],"5":[0],"6":[770],"7":[768],"8":[766],"9":[766],"10":[766],"11":[766]},"fnMap":{"0":{"name":"calculateLocScore","decl":{"start":{"line":22,"column":7},"end":{"line":64,"column":1}},"loc":{"start":{"line":22,"column":7},"end":{"line":64,"column":1}},"line":22}},"f":{"0":12}}
}
